Using pre-set license
Built from '2020.2/release' branch; Version is '2020.2.1f1 (270dd8c3da1c) revision 2559448'; Using compiler version '192528614'; Build Type 'Release'
OS: 'Windows 10  (10.0.0) 64bit' Language: 'en' Physical Memory: 3940 MB
BatchMode: 1, IsHumanControllingUs: 0, StartBugReporterOnCrash: 0, Is64bit: 1, IsPro: 0

 COMMAND LINE ARGUMENTS:
C:\Program Files\Unity\Hub\Editor\2020.2.1f1\Editor\Unity.exe
-adb2
-batchMode
-noUpm
-name
AssetImportWorker3
-projectPath
C:/Users/TCSW/Humans vs monsters 2D game
-logFile
Logs/AssetImportWorker3.log
-srvPort
51368
Successfully changed project path to: C:/Users/TCSW/Humans vs monsters 2D game
C:/Users/TCSW/Humans vs monsters 2D game
Using Asset Import Pipeline V2.
Refreshing native plugins compatible for Editor in 322.67 ms, found 1 plugins.
Preloading 0 native plugins for Editor in 0.00 ms.
Initialize engine version: 2020.2.1f1 (270dd8c3da1c)
[Subsystems] Discovering subsystems at path C:/Program Files/Unity/Hub/Editor/2020.2.1f1/Editor/Data/Resources/UnitySubsystems
[Subsystems] Discovering subsystems at path C:/Users/TCSW/Humans vs monsters 2D game/Assets
GfxDevice: creating device client; threaded=0
Direct3D:
    Version:  Direct3D 11.0 [level 11.1]
    Renderer: Intel(R) HD Graphics (ID=0x22b1)
    Vendor:   
    VRAM:     1970 MB
    Driver:   20.19.15.4963
Initialize mono
Mono path[0] = 'C:/Program Files/Unity/Hub/Editor/2020.2.1f1/Editor/Data/Managed'
Mono path[1] = 'C:/Program Files/Unity/Hub/Editor/2020.2.1f1/Editor/Data/MonoBleedingEdge/lib/mono/unityjit'
Mono config path = 'C:/Program Files/Unity/Hub/Editor/2020.2.1f1/Editor/Data/MonoBleedingEdge/etc'
Using monoOptions --debugger-agent=transport=dt_socket,embedding=1,server=y,suspend=n,address=127.0.0.1:56252
Begin MonoManager ReloadAssembly
Registering precompiled unity dll's ...
Register platform support module: C:/Program Files/Unity/Hub/Editor/2020.2.1f1/Editor/Data/PlaybackEngines/WindowsStandaloneSupport/UnityEditor.WindowsStandalone.Extensions.dll
Registered in 0.008988 seconds.
Native extension for WindowsStandalone target not found
Refreshing native plugins compatible for Editor in 259.82 ms, found 1 plugins.
Preloading 0 native plugins for Editor in 0.00 ms.
Invoked RoslynAnalysisRunner static constructor.
RoslynAnalysisRunner will not be running.
RoslynAnalysisRunner has terminated.
Mono: successfully reloaded assembly
- Completed reload, in  9.364 seconds
Platform modules already initialized, skipping
Registering precompiled user dll's ...
Registered in 0.007503 seconds.
Begin MonoManager ReloadAssembly
Native extension for WindowsStandalone target not found
Refreshing native plugins compatible for Editor in 179.19 ms, found 1 plugins.
Preloading 0 native plugins for Editor in 0.00 ms.
Invoked RoslynAnalysisRunner static constructor.
RoslynAnalysisRunner will not be running.
RoslynAnalysisRunner has terminated.
Mono: successfully reloaded assembly
- Completed reload, in  5.475 seconds
Platform modules already initialized, skipping
========================================================================
Worker process is ready to serve import requests
Launched and connected shader compiler UnityShaderCompiler.exe after 0.31 seconds
Refreshing native plugins compatible for Editor in 3.28 ms, found 1 plugins.
Preloading 0 native plugins for Editor in 0.00 ms.
Unloading 1794 Unused Serialized files (Serialized files now loaded: 0)
System memory in use before: 84.5 MB.
System memory in use after: 84.5 MB.

Unloading 24 unused Assets to reduce memory usage. Loaded Objects now: 2236.
Total: 14.479900 ms (FindLiveObjects: 0.965700 ms CreateObjectMapping: 0.358600 ms MarkObjects: 12.726200 ms  DeleteObjects: 0.422600 ms)

========================================================================
Received Import Request.
  path: Assets/Prefabs/Slope Left.prefab
  artifactKey: Guid(183a2924e2cbf6b469f5547682ff6195) Importer(815301076,1909f56bfc062723c751e8b465ee728b)
Start importing Assets/Prefabs/Slope Left.prefab using Guid(183a2924e2cbf6b469f5547682ff6195) Importer(815301076,1909f56bfc062723c751e8b465ee728b)  -> (artifact id: '6821780b87c5793191e86ea7e3b148f9') in 1.060371 seconds
  Import took 1.087632 seconds .

========================================================================
Received Import Request.
  Time since last request: 4.350586 seconds.
  path: Assets/Prefabs/Slope Left.prefab
  artifactKey: Guid(183a2924e2cbf6b469f5547682ff6195) Importer(815301076,1909f56bfc062723c751e8b465ee728b)
Start importing Assets/Prefabs/Slope Left.prefab using Guid(183a2924e2cbf6b469f5547682ff6195) Importer(815301076,1909f56bfc062723c751e8b465ee728b)  -> (artifact id: '878f9315b5168670a80dc0bfb1c139bb') in 0.111270 seconds
  Import took 0.127347 seconds .

========================================================================
Received Import Request.
  Time since last request: 5.827073 seconds.
  path: Assets/Prefabs/Slope Left.prefab
  artifactKey: Guid(183a2924e2cbf6b469f5547682ff6195) Importer(815301076,1909f56bfc062723c751e8b465ee728b)
Start importing Assets/Prefabs/Slope Left.prefab using Guid(183a2924e2cbf6b469f5547682ff6195) Importer(815301076,1909f56bfc062723c751e8b465ee728b)  -> (artifact id: '105044591b190a2b4549132d97bb1cd2') in 0.052724 seconds
  Import took 0.064818 seconds .

========================================================================
Received Import Request.
  Time since last request: 6.103359 seconds.
  path: Assets/Prefabs/Slope Left.prefab
  artifactKey: Guid(183a2924e2cbf6b469f5547682ff6195) Importer(815301076,1909f56bfc062723c751e8b465ee728b)
Start importing Assets/Prefabs/Slope Left.prefab using Guid(183a2924e2cbf6b469f5547682ff6195) Importer(815301076,1909f56bfc062723c751e8b465ee728b)  -> (artifact id: '6b457d1767e85e5de4cc042c79a9463e') in 0.114694 seconds
  Import took 0.144560 seconds .

========================================================================
Received Import Request.
  Time since last request: 5.531350 seconds.
  path: Assets/Prefabs/Slope Left.prefab
  artifactKey: Guid(183a2924e2cbf6b469f5547682ff6195) Importer(815301076,1909f56bfc062723c751e8b465ee728b)
Start importing Assets/Prefabs/Slope Left.prefab using Guid(183a2924e2cbf6b469f5547682ff6195) Importer(815301076,1909f56bfc062723c751e8b465ee728b)  -> (artifact id: '982f2d600f5be3434a087d9650f14583') in 0.071975 seconds
  Import took 0.089392 seconds .

========================================================================
Received Prepare
Registering precompiled user dll's ...
Registered in 0.004617 seconds.
Begin MonoManager ReloadAssembly
Native extension for WindowsStandalone target not found
Refreshing native plugins compatible for Editor in 1.41 ms, found 1 plugins.
Preloading 0 native plugins for Editor in 0.00 ms.
Invoked RoslynAnalysisRunner static constructor.
RoslynAnalysisRunner will not be running.
RoslynAnalysisRunner has terminated.
Mono: successfully reloaded assembly
- Completed reload, in  4.914 seconds
Platform modules already initialized, skipping
Refreshing native plugins compatible for Editor in 1.48 ms, found 1 plugins.
Preloading 0 native plugins for Editor in 0.00 ms.
Unloading 1788 Unused Serialized files (Serialized files now loaded: 0)
System memory in use before: 87.7 MB.
System memory in use after: 87.7 MB.

Unloading 12 unused Assets to reduce memory usage. Loaded Objects now: 2246.
Total: 8.238800 ms (FindLiveObjects: 0.893300 ms CreateObjectMapping: 0.248300 ms MarkObjects: 6.739000 ms  DeleteObjects: 0.352900 ms)

========================================================================
Received Import Request.
  Time since last request: 67.536494 seconds.
  path: Assets/Prefabs/Slope Left.prefab
  artifactKey: Guid(183a2924e2cbf6b469f5547682ff6195) Importer(815301076,1909f56bfc062723c751e8b465ee728b)
Start importing Assets/Prefabs/Slope Left.prefab using Guid(183a2924e2cbf6b469f5547682ff6195) Importer(815301076,1909f56bfc062723c751e8b465ee728b)  -> (artifact id: '6816a79a9bbfc09e9406c2268de03154') in 0.328732 seconds
  Import took 0.343384 seconds .

========================================================================
Received Import Request.
  Time since last request: 0.538314 seconds.
  path: Assets/Prefabs/Slope Left.prefab
  artifactKey: Guid(183a2924e2cbf6b469f5547682ff6195) Importer(815301076,1909f56bfc062723c751e8b465ee728b)
Start importing Assets/Prefabs/Slope Left.prefab using Guid(183a2924e2cbf6b469f5547682ff6195) Importer(815301076,1909f56bfc062723c751e8b465ee728b)  -> (artifact id: '6816a79a9bbfc09e9406c2268de03154') in 0.077921 seconds
  Import took 0.091837 seconds .

========================================================================
Received Prepare
Registering precompiled user dll's ...
Registered in 0.007453 seconds.
Begin MonoManager ReloadAssembly
Native extension for WindowsStandalone target not found
Refreshing native plugins compatible for Editor in 1.46 ms, found 1 plugins.
Preloading 0 native plugins for Editor in 0.00 ms.
Invoked RoslynAnalysisRunner static constructor.
RoslynAnalysisRunner will not be running.
RoslynAnalysisRunner has terminated.
Mono: successfully reloaded assembly
- Completed reload, in  4.151 seconds
Platform modules already initialized, skipping
Refreshing native plugins compatible for Editor in 1.45 ms, found 1 plugins.
Preloading 0 native plugins for Editor in 0.00 ms.
Unloading 1788 Unused Serialized files (Serialized files now loaded: 0)
System memory in use before: 87.8 MB.
System memory in use after: 87.8 MB.

Unloading 12 unused Assets to reduce memory usage. Loaded Objects now: 2250.
Total: 9.115300 ms (FindLiveObjects: 0.904000 ms CreateObjectMapping: 0.259500 ms MarkObjects: 7.112300 ms  DeleteObjects: 0.831700 ms)

========================================================================
Received Import Request.
  Time since last request: 98.829789 seconds.
  path: Assets/Prefabs/Player.prefab
  artifactKey: Guid(7b8fbe2e131f04a4893a5c20ac033360) Importer(815301076,1909f56bfc062723c751e8b465ee728b)
Start importing Assets/Prefabs/Player.prefab using Guid(7b8fbe2e131f04a4893a5c20ac033360) Importer(815301076,1909f56bfc062723c751e8b465ee728b)  -> (artifact id: 'b6b05248b7b4e78f0f9d58ff005ad021') in 0.372862 seconds
  Import took 0.388157 seconds .

========================================================================
Received Import Request.
  Time since last request: 0.603488 seconds.
  path: Assets/Prefabs/Player.prefab
  artifactKey: Guid(7b8fbe2e131f04a4893a5c20ac033360) Importer(815301076,1909f56bfc062723c751e8b465ee728b)
Start importing Assets/Prefabs/Player.prefab using Guid(7b8fbe2e131f04a4893a5c20ac033360) Importer(815301076,1909f56bfc062723c751e8b465ee728b)  -> (artifact id: 'b6b05248b7b4e78f0f9d58ff005ad021') in 0.095383 seconds
  Import took 0.108994 seconds .

========================================================================
Received Import Request.
  Time since last request: 63.020225 seconds.
  path: Assets/Scripts/PlayerMovement.cs
  artifactKey: Guid(6baf48090a4bd1d49b01934ffc4141d8) Importer(815301076,1909f56bfc062723c751e8b465ee728b)
Start importing Assets/Scripts/PlayerMovement.cs using Guid(6baf48090a4bd1d49b01934ffc4141d8) Importer(815301076,1909f56bfc062723c751e8b465ee728b)  -> (artifact id: 'dddbdb01fb276e6d8ee688a48de2a7a9') in 0.142942 seconds
  Import took 0.171821 seconds .

========================================================================
Received Prepare
Registering precompiled user dll's ...
Registered in 0.007835 seconds.
Begin MonoManager ReloadAssembly
Native extension for WindowsStandalone target not found
Refreshing native plugins compatible for Editor in 1.79 ms, found 1 plugins.
Preloading 0 native plugins for Editor in 0.00 ms.
Invoked RoslynAnalysisRunner static constructor.
RoslynAnalysisRunner will not be running.
RoslynAnalysisRunner has terminated.
Mono: successfully reloaded assembly
- Completed reload, in  7.682 seconds
Platform modules already initialized, skipping
Refreshing native plugins compatible for Editor in 9.01 ms, found 1 plugins.
Preloading 0 native plugins for Editor in 0.00 ms.
Unloading 1788 Unused Serialized files (Serialized files now loaded: 0)
System memory in use before: 88.0 MB.
System memory in use after: 88.0 MB.

Unloading 12 unused Assets to reduce memory usage. Loaded Objects now: 2254.
Total: 27.517900 ms (FindLiveObjects: 2.804200 ms CreateObjectMapping: 1.014300 ms MarkObjects: 23.019800 ms  DeleteObjects: 0.666900 ms)

========================================================================
Received Import Request.
  Time since last request: 28.266795 seconds.
  path: Assets/Scripts/CameraMovement.cs
  artifactKey: Guid(f0c3f36398e8e1f45a56884f4b1b3bb4) Importer(815301076,1909f56bfc062723c751e8b465ee728b)
Start importing Assets/Scripts/CameraMovement.cs using Guid(f0c3f36398e8e1f45a56884f4b1b3bb4) Importer(815301076,1909f56bfc062723c751e8b465ee728b)  -> (artifact id: '25ebe402bd8fcaa86b5cd649342e7533') in 0.789924 seconds
  Import took 0.818856 seconds .

========================================================================
Received Prepare
Registering precompiled user dll's ...
Registered in 0.027373 seconds.
Begin MonoManager ReloadAssembly
Native extension for WindowsStandalone target not found
Refreshing native plugins compatible for Editor in 3.26 ms, found 1 plugins.
Preloading 0 native plugins for Editor in 0.00 ms.
Invoked RoslynAnalysisRunner static constructor.
RoslynAnalysisRunner will not be running.
RoslynAnalysisRunner has terminated.
Mono: successfully reloaded assembly
- Completed reload, in  5.020 seconds
Platform modules already initialized, skipping
Refreshing native plugins compatible for Editor in 1.60 ms, found 1 plugins.
Preloading 0 native plugins for Editor in 0.00 ms.
Unloading 1788 Unused Serialized files (Serialized files now loaded: 0)
System memory in use before: 88.1 MB.
System memory in use after: 88.1 MB.

Unloading 12 unused Assets to reduce memory usage. Loaded Objects now: 2257.
Total: 13.114000 ms (FindLiveObjects: 2.529800 ms CreateObjectMapping: 0.477500 ms MarkObjects: 9.705500 ms  DeleteObjects: 0.392500 ms)

========================================================================
Received Prepare
Registering precompiled user dll's ...
Registered in 0.011886 seconds.
Begin MonoManager ReloadAssembly
Native extension for WindowsStandalone target not found
Refreshing native plugins compatible for Editor in 1.51 ms, found 1 plugins.
Preloading 0 native plugins for Editor in 0.00 ms.
Invoked RoslynAnalysisRunner static constructor.
RoslynAnalysisRunner will not be running.
RoslynAnalysisRunner has terminated.
Mono: successfully reloaded assembly
- Completed reload, in  4.774 seconds
Platform modules already initialized, skipping
Refreshing native plugins compatible for Editor in 2.47 ms, found 1 plugins.
Preloading 0 native plugins for Editor in 0.00 ms.
Unloading 1788 Unused Serialized files (Serialized files now loaded: 0)
System memory in use before: 88.3 MB.
System memory in use after: 88.3 MB.

Unloading 12 unused Assets to reduce memory usage. Loaded Objects now: 2260.
Total: 9.496200 ms (FindLiveObjects: 0.890500 ms CreateObjectMapping: 0.226200 ms MarkObjects: 7.215300 ms  DeleteObjects: 1.157600 ms)

========================================================================
Received Prepare
Registering precompiled user dll's ...
Registered in 0.004382 seconds.
Begin MonoManager ReloadAssembly
Native extension for WindowsStandalone target not found
Refreshing native plugins compatible for Editor in 1.46 ms, found 1 plugins.
Preloading 0 native plugins for Editor in 0.00 ms.
Invoked RoslynAnalysisRunner static constructor.
RoslynAnalysisRunner will not be running.
RoslynAnalysisRunner has terminated.
Mono: successfully reloaded assembly
- Completed reload, in  4.441 seconds
Platform modules already initialized, skipping
Refreshing native plugins compatible for Editor in 1.47 ms, found 1 plugins.
Preloading 0 native plugins for Editor in 0.00 ms.
Unloading 1788 Unused Serialized files (Serialized files now loaded: 0)
System memory in use before: 88.4 MB.
System memory in use after: 88.4 MB.

Unloading 12 unused Assets to reduce memory usage. Loaded Objects now: 2263.
Total: 8.531800 ms (FindLiveObjects: 1.051700 ms CreateObjectMapping: 0.291600 ms MarkObjects: 6.786200 ms  DeleteObjects: 0.396500 ms)

========================================================================
Received Prepare
Registering precompiled user dll's ...
Registered in 0.007259 seconds.
Begin MonoManager ReloadAssembly
Native extension for WindowsStandalone target not found
Refreshing native plugins compatible for Editor in 1.49 ms, found 1 plugins.
Preloading 0 native plugins for Editor in 0.00 ms.
Invoked RoslynAnalysisRunner static constructor.
RoslynAnalysisRunner will not be running.
RoslynAnalysisRunner has terminated.
Mono: successfully reloaded assembly
- Completed reload, in  4.395 seconds
Platform modules already initialized, skipping
Refreshing native plugins compatible for Editor in 1.41 ms, found 1 plugins.
Preloading 0 native plugins for Editor in 0.00 ms.
Unloading 1788 Unused Serialized files (Serialized files now loaded: 0)
System memory in use before: 88.5 MB.
System memory in use after: 88.5 MB.

Unloading 12 unused Assets to reduce memory usage. Loaded Objects now: 2266.
Total: 11.997000 ms (FindLiveObjects: 1.653800 ms CreateObjectMapping: 0.654700 ms MarkObjects: 9.166000 ms  DeleteObjects: 0.392800 ms)

========================================================================
Received Import Request.
  Time since last request: 379.163175 seconds.
  path: Assets/Prefabs/Player.prefab
  artifactKey: Guid(7b8fbe2e131f04a4893a5c20ac033360) Importer(815301076,1909f56bfc062723c751e8b465ee728b)
Start importing Assets/Prefabs/Player.prefab using Guid(7b8fbe2e131f04a4893a5c20ac033360) Importer(815301076,1909f56bfc062723c751e8b465ee728b)  -> (artifact id: 'fa774e2ae92b1885bbd39d6233752283') in 0.319769 seconds
  Import took 0.333147 seconds .

========================================================================
Received Import Request.
  Time since last request: 0.494378 seconds.
  path: Assets/Prefabs/Player.prefab
  artifactKey: Guid(7b8fbe2e131f04a4893a5c20ac033360) Importer(815301076,1909f56bfc062723c751e8b465ee728b)
Start importing Assets/Prefabs/Player.prefab using Guid(7b8fbe2e131f04a4893a5c20ac033360) Importer(815301076,1909f56bfc062723c751e8b465ee728b)  -> (artifact id: 'fa774e2ae92b1885bbd39d6233752283') in 0.420805 seconds
  Import took 0.456922 seconds .

========================================================================
Received Prepare
Registering precompiled user dll's ...
Registered in 0.005097 seconds.
Begin MonoManager ReloadAssembly
Native extension for WindowsStandalone target not found
Refreshing native plugins compatible for Editor in 1.49 ms, found 1 plugins.
Preloading 0 native plugins for Editor in 0.00 ms.
Invoked RoslynAnalysisRunner static constructor.
RoslynAnalysisRunner will not be running.
RoslynAnalysisRunner has terminated.
Mono: successfully reloaded assembly
- Completed reload, in  4.973 seconds
Platform modules already initialized, skipping
Refreshing native plugins compatible for Editor in 1.52 ms, found 1 plugins.
Preloading 0 native plugins for Editor in 0.00 ms.
Unloading 1788 Unused Serialized files (Serialized files now loaded: 0)
System memory in use before: 88.7 MB.
System memory in use after: 88.7 MB.

Unloading 12 unused Assets to reduce memory usage. Loaded Objects now: 2270.
Total: 8.688900 ms (FindLiveObjects: 0.880400 ms CreateObjectMapping: 0.229600 ms MarkObjects: 7.175500 ms  DeleteObjects: 0.397100 ms)

========================================================================
Received Prepare
Registering precompiled user dll's ...
Registered in 0.005083 seconds.
Begin MonoManager ReloadAssembly
Native extension for WindowsStandalone target not found
Refreshing native plugins compatible for Editor in 2.25 ms, found 1 plugins.
Preloading 0 native plugins for Editor in 0.00 ms.
Invoked RoslynAnalysisRunner static constructor.
RoslynAnalysisRunner will not be running.
RoslynAnalysisRunner has terminated.
Mono: successfully reloaded assembly
- Completed reload, in  7.729 seconds
Platform modules already initialized, skipping
Refreshing native plugins compatible for Editor in 1.53 ms, found 1 plugins.
Preloading 0 native plugins for Editor in 0.00 ms.
Unloading 1788 Unused Serialized files (Serialized files now loaded: 0)
System memory in use before: 88.8 MB.
System memory in use after: 88.8 MB.

Unloading 12 unused Assets to reduce memory usage. Loaded Objects now: 2273.
Total: 8.991100 ms (FindLiveObjects: 0.942700 ms CreateObjectMapping: 0.264800 ms MarkObjects: 7.374400 ms  DeleteObjects: 0.402800 ms)

========================================================================
Received Import Request.
  Time since last request: 500.324415 seconds.
  path: Assets/Prefabs/Player.prefab
  artifactKey: Guid(7b8fbe2e131f04a4893a5c20ac033360) Importer(815301076,1909f56bfc062723c751e8b465ee728b)
Start importing Assets/Prefabs/Player.prefab using Guid(7b8fbe2e131f04a4893a5c20ac033360) Importer(815301076,1909f56bfc062723c751e8b465ee728b)  -> (artifact id: '159a1ad601f436426d349c09485cd744') in 0.426613 seconds
  Import took 0.448415 seconds .

========================================================================
Received Import Request.
  Time since last request: 3.245423 seconds.
  path: Assets/Prefabs/Player.prefab
  artifactKey: Guid(7b8fbe2e131f04a4893a5c20ac033360) Importer(815301076,1909f56bfc062723c751e8b465ee728b)
Start importing Assets/Prefabs/Player.prefab using Guid(7b8fbe2e131f04a4893a5c20ac033360) Importer(815301076,1909f56bfc062723c751e8b465ee728b)  -> (artifact id: 'd484ac358fde84b234e7e32d6dd7c30c') in 0.096836 seconds
  Import took 0.108379 seconds .

========================================================================
Received Import Request.
  Time since last request: 0.058229 seconds.
  path: Assets/Prefabs/Player.prefab
  artifactKey: Guid(7b8fbe2e131f04a4893a5c20ac033360) Importer(815301076,1909f56bfc062723c751e8b465ee728b)
Start importing Assets/Prefabs/Player.prefab using Guid(7b8fbe2e131f04a4893a5c20ac033360) Importer(815301076,1909f56bfc062723c751e8b465ee728b)  -> (artifact id: 'd484ac358fde84b234e7e32d6dd7c30c') in 0.126704 seconds
  Import took 0.141879 seconds .

========================================================================
Received Prepare
Registering precompiled user dll's ...
Registered in 0.009990 seconds.
Begin MonoManager ReloadAssembly
Native extension for WindowsStandalone target not found
Refreshing native plugins compatible for Editor in 1.46 ms, found 1 plugins.
Preloading 0 native plugins for Editor in 0.00 ms.
Invoked RoslynAnalysisRunner static constructor.
RoslynAnalysisRunner will not be running.
RoslynAnalysisRunner has terminated.
Mono: successfully reloaded assembly
- Completed reload, in  4.984 seconds
Platform modules already initialized, skipping
Refreshing native plugins compatible for Editor in 1.86 ms, found 1 plugins.
Preloading 0 native plugins for Editor in 0.00 ms.
Unloading 1788 Unused Serialized files (Serialized files now loaded: 0)
System memory in use before: 89.0 MB.
System memory in use after: 89.0 MB.

Unloading 12 unused Assets to reduce memory usage. Loaded Objects now: 2277.
Total: 9.652100 ms (FindLiveObjects: 1.616900 ms CreateObjectMapping: 0.529100 ms MarkObjects: 7.132700 ms  DeleteObjects: 0.367400 ms)

========================================================================
Received Import Request.
  Time since last request: 35.440682 seconds.
  path: Assets/Prefabs/Player.prefab
  artifactKey: Guid(7b8fbe2e131f04a4893a5c20ac033360) Importer(815301076,1909f56bfc062723c751e8b465ee728b)
Start importing Assets/Prefabs/Player.prefab using Guid(7b8fbe2e131f04a4893a5c20ac033360) Importer(815301076,1909f56bfc062723c751e8b465ee728b)  -> (artifact id: 'a4bc20fa5803a9a28ebedc332cad3216') in 0.462817 seconds
  Import took 0.478747 seconds .

========================================================================
Received Prepare
Registering precompiled user dll's ...
Registered in 0.005169 seconds.
Begin MonoManager ReloadAssembly
Native extension for WindowsStandalone target not found
Refreshing native plugins compatible for Editor in 1.51 ms, found 1 plugins.
Preloading 0 native plugins for Editor in 0.00 ms.
Invoked RoslynAnalysisRunner static constructor.
RoslynAnalysisRunner will not be running.
RoslynAnalysisRunner has terminated.
Mono: successfully reloaded assembly
- Completed reload, in  4.598 seconds
Platform modules already initialized, skipping
Refreshing native plugins compatible for Editor in 1.60 ms, found 1 plugins.
Preloading 0 native plugins for Editor in 0.00 ms.
Unloading 1788 Unused Serialized files (Serialized files now loaded: 0)
System memory in use before: 89.1 MB.
System memory in use after: 89.1 MB.

Unloading 12 unused Assets to reduce memory usage. Loaded Objects now: 2281.
Total: 8.092800 ms (FindLiveObjects: 0.860900 ms CreateObjectMapping: 0.221800 ms MarkObjects: 6.647100 ms  DeleteObjects: 0.357100 ms)

========================================================================
Received Prepare
Registering precompiled user dll's ...
Registered in 0.009285 seconds.
Begin MonoManager ReloadAssembly
Native extension for WindowsStandalone target not found
Refreshing native plugins compatible for Editor in 1.42 ms, found 1 plugins.
Preloading 0 native plugins for Editor in 0.00 ms.
Invoked RoslynAnalysisRunner static constructor.
RoslynAnalysisRunner will not be running.
RoslynAnalysisRunner has terminated.
Mono: successfully reloaded assembly
- Completed reload, in  4.205 seconds
Platform modules already initialized, skipping
Refreshing native plugins compatible for Editor in 1.61 ms, found 1 plugins.
Preloading 0 native plugins for Editor in 0.00 ms.
Unloading 1788 Unused Serialized files (Serialized files now loaded: 0)
System memory in use before: 89.3 MB.
System memory in use after: 89.3 MB.

Unloading 12 unused Assets to reduce memory usage. Loaded Objects now: 2284.
Total: 8.122800 ms (FindLiveObjects: 0.852400 ms CreateObjectMapping: 0.216300 ms MarkObjects: 6.690200 ms  DeleteObjects: 0.358500 ms)

========================================================================
Received Prepare
Registering precompiled user dll's ...
Registered in 0.007732 seconds.
Begin MonoManager ReloadAssembly
Native extension for WindowsStandalone target not found
Refreshing native plugins compatible for Editor in 3.48 ms, found 1 plugins.
Preloading 0 native plugins for Editor in 0.00 ms.
Invoked RoslynAnalysisRunner static constructor.
RoslynAnalysisRunner will not be running.
RoslynAnalysisRunner has terminated.
Mono: successfully reloaded assembly
- Completed reload, in  5.419 seconds
Platform modules already initialized, skipping
Refreshing native plugins compatible for Editor in 1.94 ms, found 1 plugins.
Preloading 0 native plugins for Editor in 0.00 ms.
Unloading 1788 Unused Serialized files (Serialized files now loaded: 0)
System memory in use before: 89.4 MB.
System memory in use after: 89.4 MB.

Unloading 12 unused Assets to reduce memory usage. Loaded Objects now: 2287.
Total: 13.142100 ms (FindLiveObjects: 1.586200 ms CreateObjectMapping: 0.609800 ms MarkObjects: 10.529800 ms  DeleteObjects: 0.407000 ms)

========================================================================
Received Prepare
Registering precompiled user dll's ...
Registered in 0.007765 seconds.
Begin MonoManager ReloadAssembly
Native extension for WindowsStandalone target not found
Refreshing native plugins compatible for Editor in 1.61 ms, found 1 plugins.
Preloading 0 native plugins for Editor in 0.00 ms.
Invoked RoslynAnalysisRunner static constructor.
RoslynAnalysisRunner will not be running.
RoslynAnalysisRunner has terminated.
Mono: successfully reloaded assembly
- Completed reload, in  7.721 seconds
Platform modules already initialized, skipping
Refreshing native plugins compatible for Editor in 1.57 ms, found 1 plugins.
Preloading 0 native plugins for Editor in 0.00 ms.
Unloading 1788 Unused Serialized files (Serialized files now loaded: 0)
System memory in use before: 89.5 MB.
System memory in use after: 89.5 MB.

Unloading 12 unused Assets to reduce memory usage. Loaded Objects now: 2290.
Total: 9.884400 ms (FindLiveObjects: 1.390800 ms CreateObjectMapping: 0.605400 ms MarkObjects: 7.507000 ms  DeleteObjects: 0.374900 ms)

========================================================================
Received Prepare
Registering precompiled user dll's ...
Registered in 0.005515 seconds.
Begin MonoManager ReloadAssembly
Native extension for WindowsStandalone target not found
Refreshing native plugins compatible for Editor in 1.50 ms, found 1 plugins.
Preloading 0 native plugins for Editor in 0.00 ms.
Invoked RoslynAnalysisRunner static constructor.
RoslynAnalysisRunner will not be running.
RoslynAnalysisRunner has terminated.
Mono: successfully reloaded assembly
- Completed reload, in  4.934 seconds
Platform modules already initialized, skipping
Refreshing native plugins compatible for Editor in 1.67 ms, found 1 plugins.
Preloading 0 native plugins for Editor in 0.00 ms.
Unloading 1788 Unused Serialized files (Serialized files now loaded: 0)
System memory in use before: 89.6 MB.
System memory in use after: 89.6 MB.

Unloading 12 unused Assets to reduce memory usage. Loaded Objects now: 2293.
Total: 10.275000 ms (FindLiveObjects: 0.909000 ms CreateObjectMapping: 0.254900 ms MarkObjects: 8.708800 ms  DeleteObjects: 0.396700 ms)

========================================================================
Received Import Request.
  Time since last request: 705.196518 seconds.
  path: Assets/Prefabs/Player.prefab
  artifactKey: Guid(7b8fbe2e131f04a4893a5c20ac033360) Importer(815301076,1909f56bfc062723c751e8b465ee728b)
Start importing Assets/Prefabs/Player.prefab using Guid(7b8fbe2e131f04a4893a5c20ac033360) Importer(815301076,1909f56bfc062723c751e8b465ee728b)  -> (artifact id: '84a75c98a3bb42e8283f831a6bf0c26f') in 0.381318 seconds
  Import took 0.404476 seconds .

========================================================================
Received Import Request.
  Time since last request: 28.094086 seconds.
  path: Assets/Prefabs/Player.prefab
  artifactKey: Guid(7b8fbe2e131f04a4893a5c20ac033360) Importer(815301076,1909f56bfc062723c751e8b465ee728b)
Start importing Assets/Prefabs/Player.prefab using Guid(7b8fbe2e131f04a4893a5c20ac033360) Importer(815301076,1909f56bfc062723c751e8b465ee728b)  -> (artifact id: '260057bc768a4f5c2a707b0879e4e930') in 0.085512 seconds
  Import took 0.099500 seconds .

========================================================================
Received Import Request.
  Time since last request: 0.017840 seconds.
  path: Assets/Prefabs/Player.prefab
  artifactKey: Guid(7b8fbe2e131f04a4893a5c20ac033360) Importer(815301076,1909f56bfc062723c751e8b465ee728b)
Start importing Assets/Prefabs/Player.prefab using Guid(7b8fbe2e131f04a4893a5c20ac033360) Importer(815301076,1909f56bfc062723c751e8b465ee728b)  -> (artifact id: '260057bc768a4f5c2a707b0879e4e930') in 0.122683 seconds
  Import took 0.140075 seconds .

========================================================================
Received Prepare
Registering precompiled user dll's ...
Registered in 0.013238 seconds.
Begin MonoManager ReloadAssembly
Native extension for WindowsStandalone target not found
Refreshing native plugins compatible for Editor in 2.62 ms, found 1 plugins.
Preloading 0 native plugins for Editor in 0.00 ms.
Invoked RoslynAnalysisRunner static constructor.
RoslynAnalysisRunner will not be running.
RoslynAnalysisRunner has terminated.
Mono: successfully reloaded assembly
- Completed reload, in  7.160 seconds
Platform modules already initialized, skipping
Refreshing native plugins compatible for Editor in 1.50 ms, found 1 plugins.
Preloading 0 native plugins for Editor in 0.00 ms.
Unloading 1788 Unused Serialized files (Serialized files now loaded: 0)
System memory in use before: 88.8 MB.
System memory in use after: 88.8 MB.

Unloading 12 unused Assets to reduce memory usage. Loaded Objects now: 2297.
Total: 9.556000 ms (FindLiveObjects: 1.125900 ms CreateObjectMapping: 0.290600 ms MarkObjects: 7.745800 ms  DeleteObjects: 0.388200 ms)

========================================================================
Received Import Request.
  Time since last request: 43.635900 seconds.
  path: ProjectSettings/TagManager.asset
  artifactKey: Guid(00000000000000003000000000000000) Importer(815301076,1909f56bfc062723c751e8b465ee728b)
Start importing ProjectSettings/TagManager.asset using Guid(00000000000000003000000000000000) Importer(815301076,1909f56bfc062723c751e8b465ee728b)  -> (artifact id: '2a276bfe1a8cbeea2c89852a4ad7a997') in 0.177222 seconds
  Import took 0.229030 seconds .

========================================================================
Received Import Request.
  Time since last request: 77.639077 seconds.
  path: Assets/Prefabs/Single.prefab
  artifactKey: Guid(0930525e34e7e2f40881af0c8c4abb35) Importer(815301076,1909f56bfc062723c751e8b465ee728b)
Start importing Assets/Prefabs/Single.prefab using Guid(0930525e34e7e2f40881af0c8c4abb35) Importer(815301076,1909f56bfc062723c751e8b465ee728b)  -> (artifact id: 'c613194b9696d2fd51e201119a48260e') in 0.368216 seconds
  Import took 0.382821 seconds .

========================================================================
Received Import Request.
  Time since last request: 1.163054 seconds.
  path: Assets/Prefabs/Single.prefab
  artifactKey: Guid(0930525e34e7e2f40881af0c8c4abb35) Importer(815301076,1909f56bfc062723c751e8b465ee728b)
Start importing Assets/Prefabs/Single.prefab using Guid(0930525e34e7e2f40881af0c8c4abb35) Importer(815301076,1909f56bfc062723c751e8b465ee728b)  -> (artifact id: '6a275d9e8f147872d8db8691649cc56c') in 0.272145 seconds
  Import took 0.291938 seconds .

========================================================================
Received Import Request.
  Time since last request: 3.707937 seconds.
  path: Assets/Prefabs/Slope Left.prefab
  artifactKey: Guid(183a2924e2cbf6b469f5547682ff6195) Importer(815301076,1909f56bfc062723c751e8b465ee728b)
Start importing Assets/Prefabs/Slope Left.prefab using Guid(183a2924e2cbf6b469f5547682ff6195) Importer(815301076,1909f56bfc062723c751e8b465ee728b)  -> (artifact id: '59ae3e5039c1ca6268c692b5bcce1e00') in 0.208555 seconds
  Import took 0.222622 seconds .

========================================================================
Received Import Request.
  Time since last request: 3.559726 seconds.
  path: Assets/Prefabs/Slope Right.prefab
  artifactKey: Guid(65215410fe21ec24bac775023a1a9ff8) Importer(815301076,1909f56bfc062723c751e8b465ee728b)
Start importing Assets/Prefabs/Slope Right.prefab using Guid(65215410fe21ec24bac775023a1a9ff8) Importer(815301076,1909f56bfc062723c751e8b465ee728b)  -> (artifact id: '83f661161a2e488d23d6267f1df3e407') in 0.145161 seconds
  Import took 0.158471 seconds .

========================================================================
Received Import Request.
  Time since last request: 0.025028 seconds.
  path: Assets/Prefabs/Slope Right.prefab
  artifactKey: Guid(65215410fe21ec24bac775023a1a9ff8) Importer(815301076,1909f56bfc062723c751e8b465ee728b)
Start importing Assets/Prefabs/Slope Right.prefab using Guid(65215410fe21ec24bac775023a1a9ff8) Importer(815301076,1909f56bfc062723c751e8b465ee728b)  -> (artifact id: '83f661161a2e488d23d6267f1df3e407') in 0.098834 seconds
  Import took 0.119461 seconds .

========================================================================
Received Import Request.
  Time since last request: 3.328756 seconds.
  path: Assets/Prefabs/Top.prefab
  artifactKey: Guid(728d6f502079bf247b643a631c548e26) Importer(815301076,1909f56bfc062723c751e8b465ee728b)
Start importing Assets/Prefabs/Top.prefab using Guid(728d6f502079bf247b643a631c548e26) Importer(815301076,1909f56bfc062723c751e8b465ee728b)  -> (artifact id: 'caf5e4143e2342fb422576bf9be5d56a') in 0.374101 seconds
  Import took 0.397274 seconds .

========================================================================
Received Import Request.
  Time since last request: 2.383542 seconds.
  path: Assets/Prefabs/Top Right.prefab
  artifactKey: Guid(5120857b5a565174db1995ebcc6ea764) Importer(815301076,1909f56bfc062723c751e8b465ee728b)
Start importing Assets/Prefabs/Top Right.prefab using Guid(5120857b5a565174db1995ebcc6ea764) Importer(815301076,1909f56bfc062723c751e8b465ee728b)  -> (artifact id: 'ef92ba62ace7e8cb5350d4b422302680') in 0.111311 seconds
  Import took 0.126247 seconds .

========================================================================
Received Import Request.
  Time since last request: 2.294964 seconds.
  path: Assets/Prefabs/Top Left.prefab
  artifactKey: Guid(130a90fb2cae1f444a829bbcf49ee05f) Importer(815301076,1909f56bfc062723c751e8b465ee728b)
Start importing Assets/Prefabs/Top Left.prefab using Guid(130a90fb2cae1f444a829bbcf49ee05f) Importer(815301076,1909f56bfc062723c751e8b465ee728b)  -> (artifact id: '17b465938fb7d872293ae29be6ba776a') in 0.109934 seconds
  Import took 0.121036 seconds .

========================================================================
Received Import Request.
  Time since last request: 0.006022 seconds.
  path: Assets/Prefabs/Top Left.prefab
  artifactKey: Guid(130a90fb2cae1f444a829bbcf49ee05f) Importer(815301076,1909f56bfc062723c751e8b465ee728b)
Start importing Assets/Prefabs/Top Left.prefab using Guid(130a90fb2cae1f444a829bbcf49ee05f) Importer(815301076,1909f56bfc062723c751e8b465ee728b)  -> (artifact id: '17b465938fb7d872293ae29be6ba776a') in 0.066498 seconds
  Import took 0.081481 seconds .

========================================================================
Received Prepare
Registering precompiled user dll's ...
Registered in 0.004311 seconds.
Begin MonoManager ReloadAssembly
Native extension for WindowsStandalone target not found
Refreshing native plugins compatible for Editor in 1.55 ms, found 1 plugins.
Preloading 0 native plugins for Editor in 0.00 ms.
Invoked RoslynAnalysisRunner static constructor.
RoslynAnalysisRunner will not be running.
RoslynAnalysisRunner has terminated.
Mono: successfully reloaded assembly
- Completed reload, in  5.207 seconds
Platform modules already initialized, skipping
Refreshing native plugins compatible for Editor in 2.99 ms, found 1 plugins.
Preloading 0 native plugins for Editor in 0.00 ms.
Unloading 1788 Unused Serialized files (Serialized files now loaded: 0)
System memory in use before: 89.0 MB.
System memory in use after: 89.0 MB.

Unloading 13 unused Assets to reduce memory usage. Loaded Objects now: 2301.
Total: 13.274600 ms (FindLiveObjects: 1.025500 ms CreateObjectMapping: 0.402600 ms MarkObjects: 11.098700 ms  DeleteObjects: 0.740700 ms)

========================================================================
Received Import Request.
  Time since last request: 77.999437 seconds.
  path: Assets/Prefabs/Player.prefab
  artifactKey: Guid(7b8fbe2e131f04a4893a5c20ac033360) Importer(815301076,1909f56bfc062723c751e8b465ee728b)
Start importing Assets/Prefabs/Player.prefab using Guid(7b8fbe2e131f04a4893a5c20ac033360) Importer(815301076,1909f56bfc062723c751e8b465ee728b)  -> (artifact id: '291443fe0484c792f116bfe8bdf30552') in 0.385437 seconds
  Import took 0.400491 seconds .

========================================================================
Received Prepare
Registering precompiled user dll's ...
Registered in 0.004480 seconds.
Begin MonoManager ReloadAssembly
Native extension for WindowsStandalone target not found
Refreshing native plugins compatible for Editor in 1.61 ms, found 1 plugins.
Preloading 0 native plugins for Editor in 0.00 ms.
Invoked RoslynAnalysisRunner static constructor.
RoslynAnalysisRunner will not be running.
RoslynAnalysisRunner has terminated.
Mono: successfully reloaded assembly
- Completed reload, in  5.004 seconds
Platform modules already initialized, skipping
Refreshing native plugins compatible for Editor in 1.76 ms, found 1 plugins.
Preloading 0 native plugins for Editor in 0.00 ms.
Unloading 1788 Unused Serialized files (Serialized files now loaded: 0)
System memory in use before: 89.1 MB.
System memory in use after: 89.1 MB.

Unloading 12 unused Assets to reduce memory usage. Loaded Objects now: 2305.
Total: 17.052900 ms (FindLiveObjects: 1.276300 ms CreateObjectMapping: 0.827300 ms MarkObjects: 14.164200 ms  DeleteObjects: 0.774700 ms)

========================================================================
Received Import Request.
  Time since last request: 190.405922 seconds.
  path: Assets/Prefabs/Player.prefab
  artifactKey: Guid(7b8fbe2e131f04a4893a5c20ac033360) Importer(815301076,1909f56bfc062723c751e8b465ee728b)
Start importing Assets/Prefabs/Player.prefab using Guid(7b8fbe2e131f04a4893a5c20ac033360) Importer(815301076,1909f56bfc062723c751e8b465ee728b)  -> (artifact id: '5c18b648eb03289083f0d875b8816c10') in 0.428954 seconds
  Import took 0.453701 seconds .

========================================================================
Received Import Request.
  Time since last request: 4.500393 seconds.
  path: Assets/Prefabs/Player.prefab
  artifactKey: Guid(7b8fbe2e131f04a4893a5c20ac033360) Importer(815301076,1909f56bfc062723c751e8b465ee728b)
Start importing Assets/Prefabs/Player.prefab using Guid(7b8fbe2e131f04a4893a5c20ac033360) Importer(815301076,1909f56bfc062723c751e8b465ee728b)  -> (artifact id: '172d0b0ffdb259b3458cafb8c4a4f3e4') in 0.066454 seconds
  Import took 0.078473 seconds .

========================================================================
Received Prepare
Registering precompiled user dll's ...
Registered in 0.005490 seconds.
Begin MonoManager ReloadAssembly
Native extension for WindowsStandalone target not found
Refreshing native plugins compatible for Editor in 1.43 ms, found 1 plugins.
Preloading 0 native plugins for Editor in 0.00 ms.
Invoked RoslynAnalysisRunner static constructor.
RoslynAnalysisRunner will not be running.
RoslynAnalysisRunner has terminated.
Mono: successfully reloaded assembly
- Completed reload, in  4.204 seconds
Platform modules already initialized, skipping
Refreshing native plugins compatible for Editor in 1.51 ms, found 1 plugins.
Preloading 0 native plugins for Editor in 0.00 ms.
Unloading 1788 Unused Serialized files (Serialized files now loaded: 0)
System memory in use before: 89.2 MB.
System memory in use after: 89.2 MB.

Unloading 12 unused Assets to reduce memory usage. Loaded Objects now: 2309.
Total: 8.541000 ms (FindLiveObjects: 0.940800 ms CreateObjectMapping: 0.272300 ms MarkObjects: 6.952600 ms  DeleteObjects: 0.370100 ms)

========================================================================
Received Import Request.
  Time since last request: 53.321656 seconds.
  path: Assets/Prefabs/Player.prefab
  artifactKey: Guid(7b8fbe2e131f04a4893a5c20ac033360) Importer(815301076,1909f56bfc062723c751e8b465ee728b)
Start importing Assets/Prefabs/Player.prefab using Guid(7b8fbe2e131f04a4893a5c20ac033360) Importer(815301076,1909f56bfc062723c751e8b465ee728b)  -> (artifact id: '027886b6b43d694e7eba90ee9446a3fc') in 0.351268 seconds
  Import took 0.366651 seconds .

========================================================================
Received Prepare
Registering precompiled user dll's ...
Registered in 0.015601 seconds.
Begin MonoManager ReloadAssembly
Native extension for WindowsStandalone target not found
Refreshing native plugins compatible for Editor in 1.53 ms, found 1 plugins.
Preloading 0 native plugins for Editor in 0.00 ms.
Invoked RoslynAnalysisRunner static constructor.
RoslynAnalysisRunner will not be running.
RoslynAnalysisRunner has terminated.
Mono: successfully reloaded assembly
- Completed reload, in  6.409 seconds
Platform modules already initialized, skipping
Refreshing native plugins compatible for Editor in 2.79 ms, found 1 plugins.
Preloading 0 native plugins for Editor in 0.00 ms.
Unloading 1788 Unused Serialized files (Serialized files now loaded: 0)
System memory in use before: 89.4 MB.
System memory in use after: 89.4 MB.

Unloading 12 unused Assets to reduce memory usage. Loaded Objects now: 2313.
Total: 10.470500 ms (FindLiveObjects: 1.319600 ms CreateObjectMapping: 0.555200 ms MarkObjects: 7.931800 ms  DeleteObjects: 0.654400 ms)

========================================================================
Received Prepare
Registering precompiled user dll's ...
Registered in 0.004652 seconds.
Begin MonoManager ReloadAssembly
Native extension for WindowsStandalone target not found
Refreshing native plugins compatible for Editor in 1.42 ms, found 1 plugins.
Preloading 0 native plugins for Editor in 0.00 ms.
Invoked RoslynAnalysisRunner static constructor.
RoslynAnalysisRunner will not be running.
RoslynAnalysisRunner has terminated.
Mono: successfully reloaded assembly
- Completed reload, in  5.164 seconds
Platform modules already initialized, skipping
Refreshing native plugins compatible for Editor in 1.45 ms, found 1 plugins.
Preloading 0 native plugins for Editor in 0.00 ms.
Unloading 1788 Unused Serialized files (Serialized files now loaded: 0)
System memory in use before: 89.5 MB.
System memory in use after: 89.5 MB.

Unloading 12 unused Assets to reduce memory usage. Loaded Objects now: 2316.
Total: 10.374000 ms (FindLiveObjects: 1.126000 ms CreateObjectMapping: 0.352600 ms MarkObjects: 8.493600 ms  DeleteObjects: 0.395700 ms)

========================================================================
Received Prepare
Registering precompiled user dll's ...
Registered in 0.005773 seconds.
Begin MonoManager ReloadAssembly
Native extension for WindowsStandalone target not found
Refreshing native plugins compatible for Editor in 1.39 ms, found 1 plugins.
Preloading 0 native plugins for Editor in 0.00 ms.
Invoked RoslynAnalysisRunner static constructor.
RoslynAnalysisRunner will not be running.
RoslynAnalysisRunner has terminated.
Mono: successfully reloaded assembly
- Completed reload, in  4.120 seconds
Platform modules already initialized, skipping
Refreshing native plugins compatible for Editor in 2.56 ms, found 1 plugins.
Preloading 0 native plugins for Editor in 0.00 ms.
Unloading 1788 Unused Serialized files (Serialized files now loaded: 0)
System memory in use before: 89.7 MB.
System memory in use after: 89.7 MB.

Unloading 12 unused Assets to reduce memory usage. Loaded Objects now: 2319.
Total: 8.968000 ms (FindLiveObjects: 1.174300 ms CreateObjectMapping: 0.423600 ms MarkObjects: 6.953900 ms  DeleteObjects: 0.410600 ms)

========================================================================
Received Import Request.
  Time since last request: 136.736237 seconds.
  path: Assets/Prefabs/Player.prefab
  artifactKey: Guid(7b8fbe2e131f04a4893a5c20ac033360) Importer(815301076,1909f56bfc062723c751e8b465ee728b)
Start importing Assets/Prefabs/Player.prefab using Guid(7b8fbe2e131f04a4893a5c20ac033360) Importer(815301076,1909f56bfc062723c751e8b465ee728b)  -> (artifact id: 'f38aa897dfc0f1d30bb78a578107cfa2') in 0.334691 seconds
  Import took 0.362823 seconds .

========================================================================
Received Import Request.
  Time since last request: 0.195919 seconds.
  path: Assets/Prefabs/Player.prefab
  artifactKey: Guid(7b8fbe2e131f04a4893a5c20ac033360) Importer(815301076,1909f56bfc062723c751e8b465ee728b)
Start importing Assets/Prefabs/Player.prefab using Guid(7b8fbe2e131f04a4893a5c20ac033360) Importer(815301076,1909f56bfc062723c751e8b465ee728b)  -> (artifact id: 'f38aa897dfc0f1d30bb78a578107cfa2') in 0.068330 seconds
  Import took 0.083534 seconds .

========================================================================
Received Prepare
Registering precompiled user dll's ...
Registered in 0.007134 seconds.
Begin MonoManager ReloadAssembly
Native extension for WindowsStandalone target not found
Refreshing native plugins compatible for Editor in 1.49 ms, found 1 plugins.
Preloading 0 native plugins for Editor in 0.00 ms.
Invoked RoslynAnalysisRunner static constructor.
RoslynAnalysisRunner will not be running.
RoslynAnalysisRunner has terminated.
Mono: successfully reloaded assembly
- Completed reload, in  4.114 seconds
Platform modules already initialized, skipping
Refreshing native plugins compatible for Editor in 1.46 ms, found 1 plugins.
Preloading 0 native plugins for Editor in 0.00 ms.
Unloading 1788 Unused Serialized files (Serialized files now loaded: 0)
System memory in use before: 88.8 MB.
System memory in use after: 88.8 MB.

Unloading 12 unused Assets to reduce memory usage. Loaded Objects now: 2323.
Total: 8.529900 ms (FindLiveObjects: 0.923100 ms CreateObjectMapping: 0.252100 ms MarkObjects: 6.975900 ms  DeleteObjects: 0.373600 ms)

========================================================================
Received Import Request.
  Time since last request: 34.121763 seconds.
  path: Assets/Prefabs/Player.prefab
  artifactKey: Guid(7b8fbe2e131f04a4893a5c20ac033360) Importer(815301076,1909f56bfc062723c751e8b465ee728b)
Start importing Assets/Prefabs/Player.prefab using Guid(7b8fbe2e131f04a4893a5c20ac033360) Importer(815301076,1909f56bfc062723c751e8b465ee728b)  -> (artifact id: '37cb4e5d0f028243c629cbb110f086c5') in 0.347492 seconds
  Import took 0.359826 seconds .

========================================================================
Received Import Request.
  Time since last request: 0.182032 seconds.
  path: Assets/Prefabs/Player.prefab
  artifactKey: Guid(7b8fbe2e131f04a4893a5c20ac033360) Importer(815301076,1909f56bfc062723c751e8b465ee728b)
Start importing Assets/Prefabs/Player.prefab using Guid(7b8fbe2e131f04a4893a5c20ac033360) Importer(815301076,1909f56bfc062723c751e8b465ee728b)  -> (artifact id: '37cb4e5d0f028243c629cbb110f086c5') in 0.070112 seconds
  Import took 0.081163 seconds .

========================================================================
Received Prepare
Registering precompiled user dll's ...
Registered in 0.004433 seconds.
Begin MonoManager ReloadAssembly
Native extension for WindowsStandalone target not found
Refreshing native plugins compatible for Editor in 1.55 ms, found 1 plugins.
Preloading 0 native plugins for Editor in 0.00 ms.
Invoked RoslynAnalysisRunner static constructor.
RoslynAnalysisRunner will not be running.
RoslynAnalysisRunner has terminated.
Mono: successfully reloaded assembly
- Completed reload, in  5.035 seconds
Platform modules already initialized, skipping
Refreshing native plugins compatible for Editor in 1.62 ms, found 1 plugins.
Preloading 0 native plugins for Editor in 0.00 ms.
Unloading 1788 Unused Serialized files (Serialized files now loaded: 0)
System memory in use before: 89.0 MB.
System memory in use after: 89.0 MB.

Unloading 12 unused Assets to reduce memory usage. Loaded Objects now: 2327.
Total: 10.383400 ms (FindLiveObjects: 0.927900 ms CreateObjectMapping: 0.248800 ms MarkObjects: 8.768800 ms  DeleteObjects: 0.431800 ms)

========================================================================
Received Prepare
Registering precompiled user dll's ...
Registered in 0.005458 seconds.
Begin MonoManager ReloadAssembly
Native extension for WindowsStandalone target not found
Refreshing native plugins compatible for Editor in 1.42 ms, found 1 plugins.
Preloading 0 native plugins for Editor in 0.00 ms.
Invoked RoslynAnalysisRunner static constructor.
RoslynAnalysisRunner will not be running.
RoslynAnalysisRunner has terminated.
Mono: successfully reloaded assembly
- Completed reload, in  4.497 seconds
Platform modules already initialized, skipping
Refreshing native plugins compatible for Editor in 1.68 ms, found 1 plugins.
Preloading 0 native plugins for Editor in 0.00 ms.
Unloading 1788 Unused Serialized files (Serialized files now loaded: 0)
System memory in use before: 89.1 MB.
System memory in use after: 89.1 MB.

Unloading 12 unused Assets to reduce memory usage. Loaded Objects now: 2330.
Total: 8.723800 ms (FindLiveObjects: 0.918600 ms CreateObjectMapping: 0.241000 ms MarkObjects: 7.146800 ms  DeleteObjects: 0.412500 ms)

========================================================================
Received Prepare
Registering precompiled user dll's ...
Registered in 0.004559 seconds.
Begin MonoManager ReloadAssembly
Native extension for WindowsStandalone target not found
Refreshing native plugins compatible for Editor in 1.41 ms, found 1 plugins.
Preloading 0 native plugins for Editor in 0.00 ms.
Invoked RoslynAnalysisRunner static constructor.
RoslynAnalysisRunner will not be running.
RoslynAnalysisRunner has terminated.
Mono: successfully reloaded assembly
- Completed reload, in  4.077 seconds
Platform modules already initialized, skipping
Refreshing native plugins compatible for Editor in 1.46 ms, found 1 plugins.
Preloading 0 native plugins for Editor in 0.00 ms.
Unloading 1788 Unused Serialized files (Serialized files now loaded: 0)
System memory in use before: 89.2 MB.
System memory in use after: 89.2 MB.

Unloading 12 unused Assets to reduce memory usage. Loaded Objects now: 2333.
Total: 8.891700 ms (FindLiveObjects: 1.075000 ms CreateObjectMapping: 0.351000 ms MarkObjects: 7.083700 ms  DeleteObjects: 0.376600 ms)

AssetImportWorkerClient::OnTransportError - code=2 error=End of file
