Using pre-set license
Built from '2020.2/release' branch; Version is '2020.2.1f1 (270dd8c3da1c) revision 2559448'; Using compiler version '192528614'; Build Type 'Release'
OS: 'Windows 10  (10.0.0) 64bit' Language: 'en' Physical Memory: 3940 MB
BatchMode: 1, IsHumanControllingUs: 0, StartBugReporterOnCrash: 0, Is64bit: 1, IsPro: 0

 COMMAND LINE ARGUMENTS:
C:\Program Files\Unity\Hub\Editor\2020.2.1f1\Editor\Unity.exe
-adb2
-batchMode
-noUpm
-name
AssetImportWorker0
-projectPath
C:/Users/TCSW/Humans vs monsters 2D game
-logFile
Logs/AssetImportWorker0.log
-srvPort
62745
Successfully changed project path to: C:/Users/TCSW/Humans vs monsters 2D game
C:/Users/TCSW/Humans vs monsters 2D game
Using Asset Import Pipeline V2.
