Using pre-set license
Built from '2020.2/release' branch; Version is '2020.2.1f1 (270dd8c3da1c) revision 2559448'; Using compiler version '192528614'; Build Type 'Release'
OS: 'Windows 10  (10.0.0) 64bit' Language: 'en' Physical Memory: 3940 MB
BatchMode: 1, IsHumanControllingUs: 0, StartBugReporterOnCrash: 0, Is64bit: 1, IsPro: 0

 COMMAND LINE ARGUMENTS:
C:\Program Files\Unity\Hub\Editor\2020.2.1f1\Editor\Unity.exe
-adb2
-batchMode
-noUpm
-name
AssetImportWorker3
-projectPath
C:/Users/TCSW/Humans vs monsters 2D game
-logFile
Logs/AssetImportWorker3.log
-srvPort
59640
Successfully changed project path to: C:/Users/TCSW/Humans vs monsters 2D game
C:/Users/TCSW/Humans vs monsters 2D game
Using Asset Import Pipeline V2.
Refreshing native plugins compatible for Editor in 301.73 ms, found 1 plugins.
Preloading 0 native plugins for Editor in 0.00 ms.
Initialize engine version: 2020.2.1f1 (270dd8c3da1c)
[Subsystems] Discovering subsystems at path C:/Program Files/Unity/Hub/Editor/2020.2.1f1/Editor/Data/Resources/UnitySubsystems
[Subsystems] Discovering subsystems at path C:/Users/TCSW/Humans vs monsters 2D game/Assets
GfxDevice: creating device client; threaded=0
Direct3D:
    Version:  Direct3D 11.0 [level 11.1]
    Renderer: Intel(R) HD Graphics (ID=0x22b1)
    Vendor:   
    VRAM:     1970 MB
    Driver:   20.19.15.4963
Initialize mono
Mono path[0] = 'C:/Program Files/Unity/Hub/Editor/2020.2.1f1/Editor/Data/Managed'
Mono path[1] = 'C:/Program Files/Unity/Hub/Editor/2020.2.1f1/Editor/Data/MonoBleedingEdge/lib/mono/unityjit'
Mono config path = 'C:/Program Files/Unity/Hub/Editor/2020.2.1f1/Editor/Data/MonoBleedingEdge/etc'
Using monoOptions --debugger-agent=transport=dt_socket,embedding=1,server=y,suspend=n,address=127.0.0.1:56180
Begin MonoManager ReloadAssembly
Registering precompiled unity dll's ...
Register platform support module: C:/Program Files/Unity/Hub/Editor/2020.2.1f1/Editor/Data/PlaybackEngines/WindowsStandaloneSupport/UnityEditor.WindowsStandalone.Extensions.dll
Registered in 0.007676 seconds.
Native extension for WindowsStandalone target not found
Refreshing native plugins compatible for Editor in 235.14 ms, found 1 plugins.
Preloading 0 native plugins for Editor in 0.00 ms.
Invoked RoslynAnalysisRunner static constructor.
RoslynAnalysisRunner will not be running.
RoslynAnalysisRunner has terminated.
Mono: successfully reloaded assembly
- Completed reload, in 11.395 seconds
Platform modules already initialized, skipping
Registering precompiled user dll's ...
Registered in 0.007962 seconds.
Begin MonoManager ReloadAssembly
Native extension for WindowsStandalone target not found
Refreshing native plugins compatible for Editor in 211.42 ms, found 1 plugins.
Preloading 0 native plugins for Editor in 0.00 ms.
Invoked RoslynAnalysisRunner static constructor.
RoslynAnalysisRunner will not be running.
RoslynAnalysisRunner has terminated.
Mono: successfully reloaded assembly
- Completed reload, in  5.071 seconds
Platform modules already initialized, skipping
========================================================================
Worker process is ready to serve import requests
Launched and connected shader compiler UnityShaderCompiler.exe after 0.53 seconds
Refreshing native plugins compatible for Editor in 4.27 ms, found 1 plugins.
Preloading 0 native plugins for Editor in 0.00 ms.
Unloading 1794 Unused Serialized files (Serialized files now loaded: 0)
System memory in use before: 84.6 MB.
System memory in use after: 84.5 MB.

Unloading 24 unused Assets to reduce memory usage. Loaded Objects now: 2236.
Total: 10.107200 ms (FindLiveObjects: 1.320800 ms CreateObjectMapping: 0.676800 ms MarkObjects: 7.665400 ms  DeleteObjects: 0.439100 ms)

========================================================================
Received Import Request.
  path: Assets/Prefabs/Bottom.prefab
  artifactKey: Guid(df557ef520a283642ab71b415124aad6) Importer(815301076,1909f56bfc062723c751e8b465ee728b)
Start importing Assets/Prefabs/Bottom.prefab using Guid(df557ef520a283642ab71b415124aad6) Importer(815301076,1909f56bfc062723c751e8b465ee728b)  -> (artifact id: '13d2e346e69786bf49a08b4720d1fc5e') in 0.628506 seconds
  Import took 0.640514 seconds .

========================================================================
Received Import Request.
  Time since last request: 230.791817 seconds.
  path: Assets/Prefabs/Player.prefab
  artifactKey: Guid(7b8fbe2e131f04a4893a5c20ac033360) Importer(815301076,1909f56bfc062723c751e8b465ee728b)
Start importing Assets/Prefabs/Player.prefab using Guid(7b8fbe2e131f04a4893a5c20ac033360) Importer(815301076,1909f56bfc062723c751e8b465ee728b)  -> (artifact id: '496427d279936d51f79e415430b23497') in 0.151792 seconds
  Import took 0.170660 seconds .

========================================================================
Received Prepare
Registering precompiled user dll's ...
Registered in 0.004809 seconds.
Begin MonoManager ReloadAssembly
Native extension for WindowsStandalone target not found
Refreshing native plugins compatible for Editor in 2.18 ms, found 1 plugins.
Preloading 0 native plugins for Editor in 0.00 ms.
Invoked RoslynAnalysisRunner static constructor.
RoslynAnalysisRunner will not be running.
RoslynAnalysisRunner has terminated.
Mono: successfully reloaded assembly
- Completed reload, in  4.704 seconds
Platform modules already initialized, skipping
Refreshing native plugins compatible for Editor in 1.67 ms, found 1 plugins.
Preloading 0 native plugins for Editor in 0.00 ms.
Unloading 1788 Unused Serialized files (Serialized files now loaded: 0)
System memory in use before: 87.7 MB.
System memory in use after: 87.7 MB.

Unloading 12 unused Assets to reduce memory usage. Loaded Objects now: 2246.
Total: 10.200500 ms (FindLiveObjects: 1.098400 ms CreateObjectMapping: 0.360500 ms MarkObjects: 8.320100 ms  DeleteObjects: 0.414700 ms)

========================================================================
Received Prepare
Registering precompiled user dll's ...
Registered in 0.004565 seconds.
Begin MonoManager ReloadAssembly
Native extension for WindowsStandalone target not found
Refreshing native plugins compatible for Editor in 1.56 ms, found 1 plugins.
Preloading 0 native plugins for Editor in 0.00 ms.
Invoked RoslynAnalysisRunner static constructor.
RoslynAnalysisRunner will not be running.
RoslynAnalysisRunner has terminated.
Mono: successfully reloaded assembly
- Completed reload, in  4.765 seconds
Platform modules already initialized, skipping
Refreshing native plugins compatible for Editor in 1.58 ms, found 1 plugins.
Preloading 0 native plugins for Editor in 0.00 ms.
Unloading 1788 Unused Serialized files (Serialized files now loaded: 0)
System memory in use before: 87.9 MB.
System memory in use after: 87.9 MB.

Unloading 12 unused Assets to reduce memory usage. Loaded Objects now: 2249.
Total: 11.069500 ms (FindLiveObjects: 1.793900 ms CreateObjectMapping: 0.550500 ms MarkObjects: 8.240100 ms  DeleteObjects: 0.477000 ms)

========================================================================
Received Prepare
Registering precompiled user dll's ...
Registered in 0.009089 seconds.
Begin MonoManager ReloadAssembly
Native extension for WindowsStandalone target not found
Refreshing native plugins compatible for Editor in 1.55 ms, found 1 plugins.
Preloading 0 native plugins for Editor in 0.00 ms.
Invoked RoslynAnalysisRunner static constructor.
RoslynAnalysisRunner will not be running.
RoslynAnalysisRunner has terminated.
Mono: successfully reloaded assembly
- Completed reload, in  5.161 seconds
Platform modules already initialized, skipping
Refreshing native plugins compatible for Editor in 1.62 ms, found 1 plugins.
Preloading 0 native plugins for Editor in 0.00 ms.
Unloading 1788 Unused Serialized files (Serialized files now loaded: 0)
System memory in use before: 88.0 MB.
System memory in use after: 88.0 MB.

Unloading 12 unused Assets to reduce memory usage. Loaded Objects now: 2252.
Total: 11.102300 ms (FindLiveObjects: 1.006000 ms CreateObjectMapping: 0.738000 ms MarkObjects: 8.957000 ms  DeleteObjects: 0.393800 ms)

========================================================================
Received Import Request.
  Time since last request: 500.857960 seconds.
  path: Assets/Materials 1
  artifactKey: Guid(a3abeb25cd285054ea67916d19074245) Importer(815301076,1909f56bfc062723c751e8b465ee728b)
Start importing Assets/Materials 1 using Guid(a3abeb25cd285054ea67916d19074245) Importer(815301076,1909f56bfc062723c751e8b465ee728b)  -> (artifact id: '8ad5f4bb9dc577100394e4f5fc3a2ea7') in 0.072237 seconds
  Import took 0.085991 seconds .

========================================================================
Received Import Request.
  Time since last request: 39.574435 seconds.
  path: Assets/Materials/New Physic Material.physicMaterial
  artifactKey: Guid(320a16e7d9e5db74a88ddb2fe8aa60b3) Importer(815301076,1909f56bfc062723c751e8b465ee728b)
Start importing Assets/Materials/New Physic Material.physicMaterial using Guid(320a16e7d9e5db74a88ddb2fe8aa60b3) Importer(815301076,1909f56bfc062723c751e8b465ee728b)  -> (artifact id: 'f7aaa70d5c99edaacdbff2b96e57d3f6') in 0.115466 seconds
  Import took 0.130280 seconds .

========================================================================
Received Import Request.
  Time since last request: 14.134591 seconds.
  path: Assets/Materials/Ground.physicMaterial
  artifactKey: Guid(320a16e7d9e5db74a88ddb2fe8aa60b3) Importer(815301076,1909f56bfc062723c751e8b465ee728b)
Start importing Assets/Materials/Ground.physicMaterial using Guid(320a16e7d9e5db74a88ddb2fe8aa60b3) Importer(815301076,1909f56bfc062723c751e8b465ee728b)  -> (artifact id: '2a5a77de7af40087401cbf77dd00a81e') in 0.213343 seconds
  Import took 0.224617 seconds .

========================================================================
Received Import Request.
  Time since last request: 41.911572 seconds.
  path: Assets/Prefabs/Top.prefab
  artifactKey: Guid(728d6f502079bf247b643a631c548e26) Importer(815301076,1909f56bfc062723c751e8b465ee728b)
Start importing Assets/Prefabs/Top.prefab using Guid(728d6f502079bf247b643a631c548e26) Importer(815301076,1909f56bfc062723c751e8b465ee728b)  -> (artifact id: '46153eafd398cb8303e14a597dd66054') in 0.422546 seconds
  Import took 0.433697 seconds .

========================================================================
Received Import Request.
  Time since last request: 86.428921 seconds.
  path: Assets/Materials/Ground.physicsMaterial2D
  artifactKey: Guid(83da353101324b844b5665586347e787) Importer(815301076,1909f56bfc062723c751e8b465ee728b)
Start importing Assets/Materials/Ground.physicsMaterial2D using Guid(83da353101324b844b5665586347e787) Importer(815301076,1909f56bfc062723c751e8b465ee728b)  -> (artifact id: 'c1a4a2db9382ed2e89e5d4cee64c513f') in 0.050110 seconds
  Import took 0.073267 seconds .

========================================================================
Received Import Request.
  Time since last request: 81.838131 seconds.
  path: Assets/Prefabs/Top.prefab
  artifactKey: Guid(728d6f502079bf247b643a631c548e26) Importer(815301076,1909f56bfc062723c751e8b465ee728b)
Start importing Assets/Prefabs/Top.prefab using Guid(728d6f502079bf247b643a631c548e26) Importer(815301076,1909f56bfc062723c751e8b465ee728b)  -> (artifact id: '8144645d5a8f8589fbd51b60d1728ff3') in 0.319248 seconds
  Import took 0.385999 seconds .

========================================================================
Received Prepare
Registering precompiled user dll's ...
Registered in 0.005994 seconds.
Begin MonoManager ReloadAssembly
Native extension for WindowsStandalone target not found
Refreshing native plugins compatible for Editor in 1.78 ms, found 1 plugins.
Preloading 0 native plugins for Editor in 0.00 ms.
Invoked RoslynAnalysisRunner static constructor.
RoslynAnalysisRunner will not be running.
RoslynAnalysisRunner has terminated.
Mono: successfully reloaded assembly
- Completed reload, in  4.828 seconds
Platform modules already initialized, skipping
Refreshing native plugins compatible for Editor in 1.73 ms, found 1 plugins.
Preloading 0 native plugins for Editor in 0.00 ms.
Unloading 1788 Unused Serialized files (Serialized files now loaded: 0)
System memory in use before: 88.2 MB.
System memory in use after: 88.2 MB.

Unloading 12 unused Assets to reduce memory usage. Loaded Objects now: 2256.
Total: 9.785000 ms (FindLiveObjects: 0.992100 ms CreateObjectMapping: 0.288400 ms MarkObjects: 7.940100 ms  DeleteObjects: 0.557500 ms)

========================================================================
Received Prepare
Registering precompiled user dll's ...
Registered in 0.005409 seconds.
Begin MonoManager ReloadAssembly
Native extension for WindowsStandalone target not found
Refreshing native plugins compatible for Editor in 1.49 ms, found 1 plugins.
Preloading 0 native plugins for Editor in 0.00 ms.
Invoked RoslynAnalysisRunner static constructor.
RoslynAnalysisRunner will not be running.
RoslynAnalysisRunner has terminated.
Mono: successfully reloaded assembly
- Completed reload, in  4.878 seconds
Platform modules already initialized, skipping
Refreshing native plugins compatible for Editor in 2.55 ms, found 1 plugins.
Preloading 0 native plugins for Editor in 0.00 ms.
Unloading 1788 Unused Serialized files (Serialized files now loaded: 0)
System memory in use before: 88.3 MB.
System memory in use after: 88.3 MB.

Unloading 12 unused Assets to reduce memory usage. Loaded Objects now: 2259.
Total: 9.210000 ms (FindLiveObjects: 0.902100 ms CreateObjectMapping: 0.246200 ms MarkObjects: 7.666400 ms  DeleteObjects: 0.389800 ms)

========================================================================
Received Prepare
Registering precompiled user dll's ...
Registered in 0.006094 seconds.
Begin MonoManager ReloadAssembly
Native extension for WindowsStandalone target not found
Refreshing native plugins compatible for Editor in 3.91 ms, found 1 plugins.
Preloading 0 native plugins for Editor in 0.00 ms.
Invoked RoslynAnalysisRunner static constructor.
RoslynAnalysisRunner will not be running.
RoslynAnalysisRunner has terminated.
Mono: successfully reloaded assembly
- Completed reload, in  7.525 seconds
Platform modules already initialized, skipping
Refreshing native plugins compatible for Editor in 1.65 ms, found 1 plugins.
Preloading 0 native plugins for Editor in 0.00 ms.
Unloading 1788 Unused Serialized files (Serialized files now loaded: 0)
System memory in use before: 88.5 MB.
System memory in use after: 88.5 MB.

Unloading 12 unused Assets to reduce memory usage. Loaded Objects now: 2262.
Total: 18.868900 ms (FindLiveObjects: 2.335300 ms CreateObjectMapping: 0.561900 ms MarkObjects: 14.982300 ms  DeleteObjects: 0.982900 ms)

========================================================================
Received Import Request.
  Time since last request: 104.594308 seconds.
  path: Assets/Materials/Ground.physicsMaterial2D
  artifactKey: Guid(83da353101324b844b5665586347e787) Importer(815301076,1909f56bfc062723c751e8b465ee728b)
Start importing Assets/Materials/Ground.physicsMaterial2D using Guid(83da353101324b844b5665586347e787) Importer(815301076,1909f56bfc062723c751e8b465ee728b)  -> (artifact id: 'e24cb977c8a330e720ddcc2ab7e4784b') in 0.129141 seconds
  Import took 0.143221 seconds .

========================================================================
Received Prepare
Registering precompiled user dll's ...
Registered in 0.008088 seconds.
Begin MonoManager ReloadAssembly
Native extension for WindowsStandalone target not found
Refreshing native plugins compatible for Editor in 1.49 ms, found 1 plugins.
Preloading 0 native plugins for Editor in 0.00 ms.
Invoked RoslynAnalysisRunner static constructor.
RoslynAnalysisRunner will not be running.
RoslynAnalysisRunner has terminated.
Mono: successfully reloaded assembly
- Completed reload, in  4.250 seconds
Platform modules already initialized, skipping
Refreshing native plugins compatible for Editor in 1.49 ms, found 1 plugins.
Preloading 0 native plugins for Editor in 0.00 ms.
Unloading 1788 Unused Serialized files (Serialized files now loaded: 0)
System memory in use before: 88.5 MB.
System memory in use after: 88.5 MB.

Unloading 12 unused Assets to reduce memory usage. Loaded Objects now: 2265.
Total: 8.336300 ms (FindLiveObjects: 0.879500 ms CreateObjectMapping: 0.226300 ms MarkObjects: 6.847500 ms  DeleteObjects: 0.376000 ms)

========================================================================
Received Import Request.
  Time since last request: 43.601976 seconds.
  path: Assets/Materials/Ground.physicsMaterial2D
  artifactKey: Guid(83da353101324b844b5665586347e787) Importer(815301076,1909f56bfc062723c751e8b465ee728b)
Start importing Assets/Materials/Ground.physicsMaterial2D using Guid(83da353101324b844b5665586347e787) Importer(815301076,1909f56bfc062723c751e8b465ee728b)  -> (artifact id: 'ca9bf12b511067b4776974fc66dedf0b') in 0.085449 seconds
  Import took 0.097223 seconds .

========================================================================
Received Import Request.
  Time since last request: 0.183745 seconds.
  path: Assets/Materials/Ground.physicsMaterial2D
  artifactKey: Guid(83da353101324b844b5665586347e787) Importer(815301076,1909f56bfc062723c751e8b465ee728b)
Start importing Assets/Materials/Ground.physicsMaterial2D using Guid(83da353101324b844b5665586347e787) Importer(815301076,1909f56bfc062723c751e8b465ee728b)  -> (artifact id: 'ca9bf12b511067b4776974fc66dedf0b') in 0.025794 seconds
  Import took 0.041937 seconds .

========================================================================
Received Prepare
Registering precompiled user dll's ...
Registered in 0.004767 seconds.
Begin MonoManager ReloadAssembly
Native extension for WindowsStandalone target not found
Refreshing native plugins compatible for Editor in 1.60 ms, found 1 plugins.
Preloading 0 native plugins for Editor in 0.00 ms.
Invoked RoslynAnalysisRunner static constructor.
RoslynAnalysisRunner will not be running.
RoslynAnalysisRunner has terminated.
Mono: successfully reloaded assembly
- Completed reload, in  4.663 seconds
Platform modules already initialized, skipping
Refreshing native plugins compatible for Editor in 1.85 ms, found 1 plugins.
Preloading 0 native plugins for Editor in 0.00 ms.
Unloading 1788 Unused Serialized files (Serialized files now loaded: 0)
System memory in use before: 88.8 MB.
System memory in use after: 88.8 MB.

Unloading 12 unused Assets to reduce memory usage. Loaded Objects now: 2268.
Total: 10.718900 ms (FindLiveObjects: 0.892100 ms CreateObjectMapping: 0.233200 ms MarkObjects: 8.526200 ms  DeleteObjects: 1.061500 ms)

========================================================================
Received Import Request.
  Time since last request: 19.734440 seconds.
  path: Assets/Materials/Ground.physicsMaterial2D
  artifactKey: Guid(83da353101324b844b5665586347e787) Importer(815301076,1909f56bfc062723c751e8b465ee728b)
Start importing Assets/Materials/Ground.physicsMaterial2D using Guid(83da353101324b844b5665586347e787) Importer(815301076,1909f56bfc062723c751e8b465ee728b)  -> (artifact id: '781f72dc4a69c6df0ba6c73fbb31e0d3') in 0.137489 seconds
  Import took 0.149405 seconds .

========================================================================
Received Import Request.
  Time since last request: 4.820660 seconds.
  path: Assets/Prefabs/Player.prefab
  artifactKey: Guid(7b8fbe2e131f04a4893a5c20ac033360) Importer(815301076,1909f56bfc062723c751e8b465ee728b)
Start importing Assets/Prefabs/Player.prefab using Guid(7b8fbe2e131f04a4893a5c20ac033360) Importer(815301076,1909f56bfc062723c751e8b465ee728b)  -> (artifact id: '021a6b648281324bfba285f5e030f012') in 0.429915 seconds
  Import took 0.447179 seconds .

========================================================================
Received Prepare
Registering precompiled user dll's ...
Registered in 0.006455 seconds.
Begin MonoManager ReloadAssembly
Native extension for WindowsStandalone target not found
Refreshing native plugins compatible for Editor in 1.78 ms, found 1 plugins.
Preloading 0 native plugins for Editor in 0.00 ms.
Invoked RoslynAnalysisRunner static constructor.
RoslynAnalysisRunner will not be running.
RoslynAnalysisRunner has terminated.
Mono: successfully reloaded assembly
- Completed reload, in  4.901 seconds
Platform modules already initialized, skipping
Refreshing native plugins compatible for Editor in 1.56 ms, found 1 plugins.
Preloading 0 native plugins for Editor in 0.00 ms.
Unloading 1788 Unused Serialized files (Serialized files now loaded: 0)
System memory in use before: 88.9 MB.
System memory in use after: 88.9 MB.

Unloading 12 unused Assets to reduce memory usage. Loaded Objects now: 2272.
Total: 10.396600 ms (FindLiveObjects: 1.579200 ms CreateObjectMapping: 0.515600 ms MarkObjects: 7.897400 ms  DeleteObjects: 0.397200 ms)

========================================================================
Received Import Request.
  Time since last request: 42.703263 seconds.
  path: Assets/Prefabs/Player.prefab
  artifactKey: Guid(7b8fbe2e131f04a4893a5c20ac033360) Importer(815301076,1909f56bfc062723c751e8b465ee728b)
Start importing Assets/Prefabs/Player.prefab using Guid(7b8fbe2e131f04a4893a5c20ac033360) Importer(815301076,1909f56bfc062723c751e8b465ee728b)  -> (artifact id: 'c4e39ed19a893af5117baea4e029e7d3') in 0.377355 seconds
  Import took 0.389380 seconds .

========================================================================
Received Prepare
Registering precompiled user dll's ...
Registered in 0.010150 seconds.
Begin MonoManager ReloadAssembly
Native extension for WindowsStandalone target not found
Refreshing native plugins compatible for Editor in 1.80 ms, found 1 plugins.
Preloading 0 native plugins for Editor in 0.00 ms.
Invoked RoslynAnalysisRunner static constructor.
RoslynAnalysisRunner will not be running.
RoslynAnalysisRunner has terminated.
Mono: successfully reloaded assembly
- Completed reload, in  5.793 seconds
Platform modules already initialized, skipping
Refreshing native plugins compatible for Editor in 1.71 ms, found 1 plugins.
Preloading 0 native plugins for Editor in 0.00 ms.
Unloading 1788 Unused Serialized files (Serialized files now loaded: 0)
System memory in use before: 89.1 MB.
System memory in use after: 89.1 MB.

Unloading 12 unused Assets to reduce memory usage. Loaded Objects now: 2276.
Total: 10.535600 ms (FindLiveObjects: 1.574800 ms CreateObjectMapping: 0.557300 ms MarkObjects: 7.952700 ms  DeleteObjects: 0.443200 ms)

========================================================================
Received Import Request.
  Time since last request: 43.126481 seconds.
  path: Assets/Prefabs/Player.prefab
  artifactKey: Guid(7b8fbe2e131f04a4893a5c20ac033360) Importer(815301076,1909f56bfc062723c751e8b465ee728b)
Start importing Assets/Prefabs/Player.prefab using Guid(7b8fbe2e131f04a4893a5c20ac033360) Importer(815301076,1909f56bfc062723c751e8b465ee728b)  -> (artifact id: 'f8fc0dfbd1d29b5682a90a5ee99c254a') in 0.419776 seconds
  Import took 0.433154 seconds .

========================================================================
Received Import Request.
  Time since last request: 3.045291 seconds.
  path: Assets/Prefabs/Player.prefab
  artifactKey: Guid(7b8fbe2e131f04a4893a5c20ac033360) Importer(815301076,1909f56bfc062723c751e8b465ee728b)
Start importing Assets/Prefabs/Player.prefab using Guid(7b8fbe2e131f04a4893a5c20ac033360) Importer(815301076,1909f56bfc062723c751e8b465ee728b)  -> (artifact id: 'ff4120fda11dce5a0afea747e7cdf77e') in 0.078190 seconds
  Import took 0.108305 seconds .

========================================================================
Received Import Request.
  Time since last request: 77.964034 seconds.
  path: Assets/Materials/Player.physicsMaterial2D
  artifactKey: Guid(141d0f447bce2144c8d77354cb9605ee) Importer(815301076,1909f56bfc062723c751e8b465ee728b)
Start importing Assets/Materials/Player.physicsMaterial2D using Guid(141d0f447bce2144c8d77354cb9605ee) Importer(815301076,1909f56bfc062723c751e8b465ee728b)  -> (artifact id: '9f7e6723dbefd0cf14e91781652e27df') in 0.036331 seconds
  Import took 0.050862 seconds .

========================================================================
Received Import Request.
  Time since last request: 0.002740 seconds.
  path: Assets/Materials/Player.physicsMaterial2D
  artifactKey: Guid(141d0f447bce2144c8d77354cb9605ee) Importer(815301076,1909f56bfc062723c751e8b465ee728b)
Start importing Assets/Materials/Player.physicsMaterial2D using Guid(141d0f447bce2144c8d77354cb9605ee) Importer(815301076,1909f56bfc062723c751e8b465ee728b)  -> (artifact id: '9f7e6723dbefd0cf14e91781652e27df') in 0.049042 seconds
  Import took 0.062846 seconds .

========================================================================
Received Import Request.
  Time since last request: 3.392882 seconds.
  path: Assets/Materials/Player.physicsMaterial2D
  artifactKey: Guid(141d0f447bce2144c8d77354cb9605ee) Importer(815301076,1909f56bfc062723c751e8b465ee728b)
Start importing Assets/Materials/Player.physicsMaterial2D using Guid(141d0f447bce2144c8d77354cb9605ee) Importer(815301076,1909f56bfc062723c751e8b465ee728b)  -> (artifact id: '00c34590d2e4366ecdaefc9b0d4a01d9') in 0.034293 seconds
  Import took 0.051178 seconds .

========================================================================
Received Import Request.
  Time since last request: 11.934140 seconds.
  path: Assets/Prefabs/Player.prefab
  artifactKey: Guid(7b8fbe2e131f04a4893a5c20ac033360) Importer(815301076,1909f56bfc062723c751e8b465ee728b)
Start importing Assets/Prefabs/Player.prefab using Guid(7b8fbe2e131f04a4893a5c20ac033360) Importer(815301076,1909f56bfc062723c751e8b465ee728b)  -> (artifact id: 'c1179df0bd9ccbc9a20cf0c54887c941') in 0.115089 seconds
  Import took 0.145579 seconds .

========================================================================
Received Prepare
Registering precompiled user dll's ...
Registered in 0.007273 seconds.
Begin MonoManager ReloadAssembly
Native extension for WindowsStandalone target not found
Refreshing native plugins compatible for Editor in 1.53 ms, found 1 plugins.
Preloading 0 native plugins for Editor in 0.00 ms.
Invoked RoslynAnalysisRunner static constructor.
RoslynAnalysisRunner will not be running.
RoslynAnalysisRunner has terminated.
Mono: successfully reloaded assembly
- Completed reload, in  4.183 seconds
Platform modules already initialized, skipping
Refreshing native plugins compatible for Editor in 1.52 ms, found 1 plugins.
Preloading 0 native plugins for Editor in 0.00 ms.
Unloading 1788 Unused Serialized files (Serialized files now loaded: 0)
System memory in use before: 89.2 MB.
System memory in use after: 89.2 MB.

Unloading 12 unused Assets to reduce memory usage. Loaded Objects now: 2280.
Total: 8.091000 ms (FindLiveObjects: 0.853100 ms CreateObjectMapping: 0.217800 ms MarkObjects: 6.662000 ms  DeleteObjects: 0.353100 ms)

========================================================================
Received Prepare
Registering precompiled user dll's ...
Registered in 0.005950 seconds.
Begin MonoManager ReloadAssembly
Native extension for WindowsStandalone target not found
Refreshing native plugins compatible for Editor in 1.42 ms, found 1 plugins.
Preloading 0 native plugins for Editor in 0.00 ms.
Invoked RoslynAnalysisRunner static constructor.
RoslynAnalysisRunner will not be running.
RoslynAnalysisRunner has terminated.
Mono: successfully reloaded assembly
- Completed reload, in  4.669 seconds
Platform modules already initialized, skipping
Refreshing native plugins compatible for Editor in 1.57 ms, found 1 plugins.
Preloading 0 native plugins for Editor in 0.00 ms.
Unloading 1788 Unused Serialized files (Serialized files now loaded: 0)
System memory in use before: 89.4 MB.
System memory in use after: 89.4 MB.

Unloading 12 unused Assets to reduce memory usage. Loaded Objects now: 2283.
Total: 9.982100 ms (FindLiveObjects: 1.815300 ms CreateObjectMapping: 0.533600 ms MarkObjects: 7.252100 ms  DeleteObjects: 0.374900 ms)

========================================================================
Received Prepare
Registering precompiled user dll's ...
Registered in 0.004597 seconds.
Begin MonoManager ReloadAssembly
Native extension for WindowsStandalone target not found
Refreshing native plugins compatible for Editor in 1.53 ms, found 1 plugins.
Preloading 0 native plugins for Editor in 0.00 ms.
Invoked RoslynAnalysisRunner static constructor.
RoslynAnalysisRunner will not be running.
RoslynAnalysisRunner has terminated.
Mono: successfully reloaded assembly
- Completed reload, in  4.670 seconds
Platform modules already initialized, skipping
Refreshing native plugins compatible for Editor in 1.41 ms, found 1 plugins.
Preloading 0 native plugins for Editor in 0.00 ms.
Unloading 1788 Unused Serialized files (Serialized files now loaded: 0)
System memory in use before: 89.5 MB.
System memory in use after: 89.5 MB.

Unloading 12 unused Assets to reduce memory usage. Loaded Objects now: 2286.
Total: 8.519000 ms (FindLiveObjects: 0.859100 ms CreateObjectMapping: 0.221600 ms MarkObjects: 7.058500 ms  DeleteObjects: 0.375000 ms)

========================================================================
Received Prepare
Registering precompiled user dll's ...
Registered in 0.006542 seconds.
Begin MonoManager ReloadAssembly
Native extension for WindowsStandalone target not found
Refreshing native plugins compatible for Editor in 1.58 ms, found 1 plugins.
Preloading 0 native plugins for Editor in 0.00 ms.
Invoked RoslynAnalysisRunner static constructor.
RoslynAnalysisRunner will not be running.
RoslynAnalysisRunner has terminated.
Mono: successfully reloaded assembly
- Completed reload, in 14.728 seconds
Platform modules already initialized, skipping
Refreshing native plugins compatible for Editor in 1.75 ms, found 1 plugins.
Preloading 0 native plugins for Editor in 0.00 ms.
Unloading 1788 Unused Serialized files (Serialized files now loaded: 0)
System memory in use before: 89.6 MB.
System memory in use after: 89.6 MB.

Unloading 12 unused Assets to reduce memory usage. Loaded Objects now: 2289.
Total: 10.515300 ms (FindLiveObjects: 0.901400 ms CreateObjectMapping: 0.235600 ms MarkObjects: 8.835700 ms  DeleteObjects: 0.537000 ms)

========================================================================
Received Import Request.
  Time since last request: 964.320055 seconds.
  path: Assets/Materials/Ground.physicsMaterial2D
  artifactKey: Guid(83da353101324b844b5665586347e787) Importer(815301076,1909f56bfc062723c751e8b465ee728b)
Start importing Assets/Materials/Ground.physicsMaterial2D using Guid(83da353101324b844b5665586347e787) Importer(815301076,1909f56bfc062723c751e8b465ee728b)  -> (artifact id: 'fa317f1b67547ccb4407432b44061fc3') in 0.070215 seconds
  Import took 0.080295 seconds .

========================================================================
Received Import Request.
  Time since last request: 0.001460 seconds.
  path: Assets/Materials/Player.physicsMaterial2D
  artifactKey: Guid(141d0f447bce2144c8d77354cb9605ee) Importer(815301076,1909f56bfc062723c751e8b465ee728b)
Start importing Assets/Materials/Player.physicsMaterial2D using Guid(141d0f447bce2144c8d77354cb9605ee) Importer(815301076,1909f56bfc062723c751e8b465ee728b)  -> (artifact id: '5f76c38af73011c52ff4546f1e9b869c') in 0.014852 seconds
  Import took 0.025125 seconds .

AssetImportWorkerClient::OnTransportError - code=2 error=End of file
