Using pre-set license
Built from '2020.2/release' branch; Version is '2020.2.1f1 (270dd8c3da1c) revision 2559448'; Using compiler version '192528614'; Build Type 'Release'
OS: 'Windows 10  (10.0.0) 64bit' Language: 'en' Physical Memory: 3940 MB
BatchMode: 1, IsHumanControllingUs: 0, StartBugReporterOnCrash: 0, Is64bit: 1, IsPro: 0

 COMMAND LINE ARGUMENTS:
C:\Program Files\Unity\Hub\Editor\2020.2.1f1\Editor\Unity.exe
-adb2
-batchMode
-noUpm
-name
AssetImportWorker0
-projectPath
C:/Users/TCSW/Humans vs monsters 2D game
-logFile
Logs/AssetImportWorker0.log
-srvPort
50131
Successfully changed project path to: C:/Users/TCSW/Humans vs monsters 2D game
C:/Users/TCSW/Humans vs monsters 2D game
Using Asset Import Pipeline V2.
Refreshing native plugins compatible for Editor in 217.42 ms, found 1 plugins.
Preloading 0 native plugins for Editor in 0.00 ms.
Initialize engine version: 2020.2.1f1 (270dd8c3da1c)
[Subsystems] Discovering subsystems at path C:/Program Files/Unity/Hub/Editor/2020.2.1f1/Editor/Data/Resources/UnitySubsystems
[Subsystems] Discovering subsystems at path C:/Users/TCSW/Humans vs monsters 2D game/Assets
GfxDevice: creating device client; threaded=0
Direct3D:
    Version:  Direct3D 11.0 [level 11.1]
    Renderer: Intel(R) HD Graphics (ID=0x22b1)
    Vendor:   
    VRAM:     1970 MB
    Driver:   20.19.15.4963
Initialize mono
Mono path[0] = 'C:/Program Files/Unity/Hub/Editor/2020.2.1f1/Editor/Data/Managed'
Mono path[1] = 'C:/Program Files/Unity/Hub/Editor/2020.2.1f1/Editor/Data/MonoBleedingEdge/lib/mono/unityjit'
Mono config path = 'C:/Program Files/Unity/Hub/Editor/2020.2.1f1/Editor/Data/MonoBleedingEdge/etc'
Using monoOptions --debugger-agent=transport=dt_socket,embedding=1,server=y,suspend=n,address=127.0.0.1:56804
Begin MonoManager ReloadAssembly
Registering precompiled unity dll's ...
Register platform support module: C:/Program Files/Unity/Hub/Editor/2020.2.1f1/Editor/Data/PlaybackEngines/WindowsStandaloneSupport/UnityEditor.WindowsStandalone.Extensions.dll
Registered in 0.008657 seconds.
Native extension for WindowsStandalone target not found
Refreshing native plugins compatible for Editor in 164.21 ms, found 1 plugins.
Preloading 0 native plugins for Editor in 0.00 ms.
Invoked RoslynAnalysisRunner static constructor.
RoslynAnalysisRunner will not be running.
RoslynAnalysisRunner has terminated.
Mono: successfully reloaded assembly
- Completed reload, in  5.991 seconds
Platform modules already initialized, skipping
Registering precompiled user dll's ...
Registered in 0.004766 seconds.
Begin MonoManager ReloadAssembly
Native extension for WindowsStandalone target not found
Refreshing native plugins compatible for Editor in 163.44 ms, found 1 plugins.
Preloading 0 native plugins for Editor in 0.00 ms.
Invoked RoslynAnalysisRunner static constructor.
RoslynAnalysisRunner will not be running.
RoslynAnalysisRunner has terminated.
Mono: successfully reloaded assembly
- Completed reload, in  4.616 seconds
Platform modules already initialized, skipping
========================================================================
Worker process is ready to serve import requests
Launched and connected shader compiler UnityShaderCompiler.exe after 0.16 seconds
Refreshing native plugins compatible for Editor in 1.57 ms, found 1 plugins.
Preloading 0 native plugins for Editor in 0.00 ms.
Unloading 1793 Unused Serialized files (Serialized files now loaded: 0)
System memory in use before: 84.5 MB.
System memory in use after: 84.4 MB.

Unloading 24 unused Assets to reduce memory usage. Loaded Objects now: 2234.
Total: 8.821000 ms (FindLiveObjects: 1.000300 ms CreateObjectMapping: 0.377000 ms MarkObjects: 7.012800 ms  DeleteObjects: 0.426200 ms)

========================================================================
Received Import Request.
  path: Assets/Prefabs/Top Left.prefab
  artifactKey: Guid(130a90fb2cae1f444a829bbcf49ee05f) Importer(815301076,1909f56bfc062723c751e8b465ee728b)
Start importing Assets/Prefabs/Top Left.prefab using Guid(130a90fb2cae1f444a829bbcf49ee05f) Importer(815301076,1909f56bfc062723c751e8b465ee728b)  -> (artifact id: '1fcd22017d508800cac8d130d4e22aaf') in 0.445341 seconds
  Import took 0.455941 seconds .

========================================================================
Received Import Request.
  Time since last request: 0.000925 seconds.
  path: Assets/Prefabs/Top Right.prefab
  artifactKey: Guid(5120857b5a565174db1995ebcc6ea764) Importer(815301076,1909f56bfc062723c751e8b465ee728b)
Start importing Assets/Prefabs/Top Right.prefab using Guid(5120857b5a565174db1995ebcc6ea764) Importer(815301076,1909f56bfc062723c751e8b465ee728b)  -> (artifact id: '40b9ce6c3d5c8be63f53dce57a121a1e') in 0.076022 seconds
  Import took 0.087220 seconds .

========================================================================
Received Prepare
Registering precompiled user dll's ...
Registered in 0.005300 seconds.
Begin MonoManager ReloadAssembly
Native extension for WindowsStandalone target not found
Refreshing native plugins compatible for Editor in 1.60 ms, found 1 plugins.
Preloading 0 native plugins for Editor in 0.00 ms.
Invoked RoslynAnalysisRunner static constructor.
RoslynAnalysisRunner will not be running.
RoslynAnalysisRunner has terminated.
Mono: successfully reloaded assembly
- Completed reload, in  4.604 seconds
Platform modules already initialized, skipping
Refreshing native plugins compatible for Editor in 1.50 ms, found 1 plugins.
Preloading 0 native plugins for Editor in 0.00 ms.
Unloading 1787 Unused Serialized files (Serialized files now loaded: 0)
System memory in use before: 87.6 MB.
System memory in use after: 87.6 MB.

Unloading 12 unused Assets to reduce memory usage. Loaded Objects now: 2244.
Total: 16.470400 ms (FindLiveObjects: 1.326800 ms CreateObjectMapping: 0.489400 ms MarkObjects: 14.110200 ms  DeleteObjects: 0.535200 ms)

========================================================================
Received Prepare
Registering precompiled user dll's ...
Registered in 0.005593 seconds.
Begin MonoManager ReloadAssembly
Native extension for WindowsStandalone target not found
Refreshing native plugins compatible for Editor in 1.50 ms, found 1 plugins.
Preloading 0 native plugins for Editor in 0.00 ms.
Invoked RoslynAnalysisRunner static constructor.
RoslynAnalysisRunner will not be running.
RoslynAnalysisRunner has terminated.
Mono: successfully reloaded assembly
- Completed reload, in  4.205 seconds
Platform modules already initialized, skipping
Refreshing native plugins compatible for Editor in 1.70 ms, found 1 plugins.
Preloading 0 native plugins for Editor in 0.00 ms.
Unloading 1787 Unused Serialized files (Serialized files now loaded: 0)
System memory in use before: 87.7 MB.
System memory in use after: 87.7 MB.

Unloading 12 unused Assets to reduce memory usage. Loaded Objects now: 2247.
Total: 27.415700 ms (FindLiveObjects: 2.244600 ms CreateObjectMapping: 16.181200 ms MarkObjects: 8.527000 ms  DeleteObjects: 0.456500 ms)

========================================================================
Received Prepare
Registering precompiled user dll's ...
Registered in 0.009665 seconds.
Begin MonoManager ReloadAssembly
Native extension for WindowsStandalone target not found
Refreshing native plugins compatible for Editor in 1.48 ms, found 1 plugins.
Preloading 0 native plugins for Editor in 0.00 ms.
Invoked RoslynAnalysisRunner static constructor.
RoslynAnalysisRunner will not be running.
RoslynAnalysisRunner has terminated.
Mono: successfully reloaded assembly
- Completed reload, in  5.330 seconds
Platform modules already initialized, skipping
Refreshing native plugins compatible for Editor in 3.51 ms, found 1 plugins.
Preloading 0 native plugins for Editor in 0.00 ms.
Unloading 1787 Unused Serialized files (Serialized files now loaded: 0)
System memory in use before: 87.9 MB.
System memory in use after: 87.9 MB.

Unloading 12 unused Assets to reduce memory usage. Loaded Objects now: 2250.
Total: 10.471200 ms (FindLiveObjects: 1.166500 ms CreateObjectMapping: 0.469400 ms MarkObjects: 8.352100 ms  DeleteObjects: 0.475700 ms)

========================================================================
Received Import Request.
  Time since last request: 169.937511 seconds.
  path: Assets/Prefabs/Player.prefab
  artifactKey: Guid(7b8fbe2e131f04a4893a5c20ac033360) Importer(815301076,1909f56bfc062723c751e8b465ee728b)
Start importing Assets/Prefabs/Player.prefab using Guid(7b8fbe2e131f04a4893a5c20ac033360) Importer(815301076,1909f56bfc062723c751e8b465ee728b)  -> (artifact id: '8650507a3673bd7ceabec99685fbfd82') in 0.375849 seconds
  Import took 0.410184 seconds .

========================================================================
Received Import Request.
  Time since last request: 0.001771 seconds.
  path: Assets/Prefabs/Player.prefab
  artifactKey: Guid(7b8fbe2e131f04a4893a5c20ac033360) Importer(815301076,1909f56bfc062723c751e8b465ee728b)
Start importing Assets/Prefabs/Player.prefab using Guid(7b8fbe2e131f04a4893a5c20ac033360) Importer(815301076,1909f56bfc062723c751e8b465ee728b)  -> (artifact id: '8650507a3673bd7ceabec99685fbfd82') in 0.050578 seconds
  Import took 0.065164 seconds .

========================================================================
Received Prepare
Registering precompiled user dll's ...
Registered in 0.005065 seconds.
Begin MonoManager ReloadAssembly
Native extension for WindowsStandalone target not found
Refreshing native plugins compatible for Editor in 1.48 ms, found 1 plugins.
Preloading 0 native plugins for Editor in 0.00 ms.
Invoked RoslynAnalysisRunner static constructor.
RoslynAnalysisRunner will not be running.
RoslynAnalysisRunner has terminated.
Mono: successfully reloaded assembly
- Completed reload, in  4.753 seconds
Platform modules already initialized, skipping
Refreshing native plugins compatible for Editor in 1.83 ms, found 1 plugins.
Preloading 0 native plugins for Editor in 0.00 ms.
Unloading 1787 Unused Serialized files (Serialized files now loaded: 0)
System memory in use before: 88.0 MB.
System memory in use after: 88.0 MB.

Unloading 12 unused Assets to reduce memory usage. Loaded Objects now: 2254.
Total: 8.348000 ms (FindLiveObjects: 0.885500 ms CreateObjectMapping: 0.228300 ms MarkObjects: 6.837500 ms  DeleteObjects: 0.391100 ms)

========================================================================
Received Prepare
Registering precompiled user dll's ...
Registered in 0.006054 seconds.
Begin MonoManager ReloadAssembly
Native extension for WindowsStandalone target not found
Refreshing native plugins compatible for Editor in 1.56 ms, found 1 plugins.
Preloading 0 native plugins for Editor in 0.00 ms.
Invoked RoslynAnalysisRunner static constructor.
RoslynAnalysisRunner will not be running.
RoslynAnalysisRunner has terminated.
Mono: successfully reloaded assembly
- Completed reload, in  4.318 seconds
Platform modules already initialized, skipping
Refreshing native plugins compatible for Editor in 1.58 ms, found 1 plugins.
Preloading 0 native plugins for Editor in 0.00 ms.
Unloading 1787 Unused Serialized files (Serialized files now loaded: 0)
System memory in use before: 88.1 MB.
System memory in use after: 88.1 MB.

Unloading 12 unused Assets to reduce memory usage. Loaded Objects now: 2257.
Total: 13.196400 ms (FindLiveObjects: 3.476500 ms CreateObjectMapping: 0.717000 ms MarkObjects: 8.610700 ms  DeleteObjects: 0.385500 ms)

========================================================================
Received Import Request.
  Time since last request: 202.129232 seconds.
  path: Assets/Scripts/PlayerMovement.cs
  artifactKey: Guid(6baf48090a4bd1d49b01934ffc4141d8) Importer(815301076,1909f56bfc062723c751e8b465ee728b)
Start importing Assets/Scripts/PlayerMovement.cs using Guid(6baf48090a4bd1d49b01934ffc4141d8) Importer(815301076,1909f56bfc062723c751e8b465ee728b)  -> (artifact id: '1b3fc3ba35312e080478e69747893083') in 0.122298 seconds
  Import took 0.153676 seconds .

========================================================================
Received Import Request.
  Time since last request: 5.703588 seconds.
  path: Assets/Prefabs/Player.prefab
  artifactKey: Guid(7b8fbe2e131f04a4893a5c20ac033360) Importer(815301076,1909f56bfc062723c751e8b465ee728b)
Start importing Assets/Prefabs/Player.prefab using Guid(7b8fbe2e131f04a4893a5c20ac033360) Importer(815301076,1909f56bfc062723c751e8b465ee728b)  -> (artifact id: 'fd4b9df8e597873833e142c4702d63c2') in 0.270642 seconds
  Import took 0.291210 seconds .

========================================================================
Received Prepare
Registering precompiled user dll's ...
Registered in 0.005037 seconds.
Begin MonoManager ReloadAssembly
Native extension for WindowsStandalone target not found
Refreshing native plugins compatible for Editor in 4.95 ms, found 1 plugins.
Preloading 0 native plugins for Editor in 0.00 ms.
Invoked RoslynAnalysisRunner static constructor.
RoslynAnalysisRunner will not be running.
RoslynAnalysisRunner has terminated.
Mono: successfully reloaded assembly
- Completed reload, in  4.892 seconds
Platform modules already initialized, skipping
Refreshing native plugins compatible for Editor in 1.50 ms, found 1 plugins.
Preloading 0 native plugins for Editor in 0.00 ms.
Unloading 1787 Unused Serialized files (Serialized files now loaded: 0)
System memory in use before: 88.3 MB.
System memory in use after: 88.3 MB.

Unloading 12 unused Assets to reduce memory usage. Loaded Objects now: 2261.
Total: 9.257300 ms (FindLiveObjects: 1.041900 ms CreateObjectMapping: 0.430100 ms MarkObjects: 7.384100 ms  DeleteObjects: 0.395000 ms)

========================================================================
Received Import Request.
  Time since last request: 102.990044 seconds.
  path: Assets/Prefabs/Player.prefab
  artifactKey: Guid(7b8fbe2e131f04a4893a5c20ac033360) Importer(815301076,1909f56bfc062723c751e8b465ee728b)
Start importing Assets/Prefabs/Player.prefab using Guid(7b8fbe2e131f04a4893a5c20ac033360) Importer(815301076,1909f56bfc062723c751e8b465ee728b)  -> (artifact id: '9601039b748f39b869e70eb315001f23') in 0.447920 seconds
  Import took 0.477890 seconds .

========================================================================
Received Import Request.
  Time since last request: 0.065631 seconds.
  path: Assets/Prefabs/Player.prefab
  artifactKey: Guid(7b8fbe2e131f04a4893a5c20ac033360) Importer(815301076,1909f56bfc062723c751e8b465ee728b)
Start importing Assets/Prefabs/Player.prefab using Guid(7b8fbe2e131f04a4893a5c20ac033360) Importer(815301076,1909f56bfc062723c751e8b465ee728b)  -> (artifact id: '9601039b748f39b869e70eb315001f23') in 0.096912 seconds
  Import took 0.115678 seconds .

========================================================================
Received Prepare
Registering precompiled user dll's ...
Registered in 0.006808 seconds.
Begin MonoManager ReloadAssembly
Native extension for WindowsStandalone target not found
Refreshing native plugins compatible for Editor in 1.40 ms, found 1 plugins.
Preloading 0 native plugins for Editor in 0.00 ms.
Invoked RoslynAnalysisRunner static constructor.
RoslynAnalysisRunner will not be running.
RoslynAnalysisRunner has terminated.
Mono: successfully reloaded assembly
- Completed reload, in  4.035 seconds
Platform modules already initialized, skipping
Refreshing native plugins compatible for Editor in 1.48 ms, found 1 plugins.
Preloading 0 native plugins for Editor in 0.00 ms.
Unloading 1787 Unused Serialized files (Serialized files now loaded: 0)
System memory in use before: 88.4 MB.
System memory in use after: 88.4 MB.

Unloading 12 unused Assets to reduce memory usage. Loaded Objects now: 2265.
Total: 8.196700 ms (FindLiveObjects: 0.889800 ms CreateObjectMapping: 0.263100 ms MarkObjects: 6.655800 ms  DeleteObjects: 0.383100 ms)

========================================================================
Received Import Request.
  Time since last request: 33.670896 seconds.
  path: Assets/Prefabs/Player.prefab
  artifactKey: Guid(7b8fbe2e131f04a4893a5c20ac033360) Importer(815301076,1909f56bfc062723c751e8b465ee728b)
Start importing Assets/Prefabs/Player.prefab using Guid(7b8fbe2e131f04a4893a5c20ac033360) Importer(815301076,1909f56bfc062723c751e8b465ee728b)  -> (artifact id: '82a8d86da09ba57e36f50e7a7f492e37') in 0.371726 seconds
  Import took 0.382376 seconds .

========================================================================
Received Import Request.
  Time since last request: 0.083652 seconds.
  path: Assets/Prefabs/Player.prefab
  artifactKey: Guid(7b8fbe2e131f04a4893a5c20ac033360) Importer(815301076,1909f56bfc062723c751e8b465ee728b)
Start importing Assets/Prefabs/Player.prefab using Guid(7b8fbe2e131f04a4893a5c20ac033360) Importer(815301076,1909f56bfc062723c751e8b465ee728b)  -> (artifact id: '82a8d86da09ba57e36f50e7a7f492e37') in 0.048815 seconds
  Import took 0.060077 seconds .

========================================================================
Received Prepare
Registering precompiled user dll's ...
Registered in 0.007262 seconds.
Begin MonoManager ReloadAssembly
Native extension for WindowsStandalone target not found
Refreshing native plugins compatible for Editor in 1.82 ms, found 1 plugins.
Preloading 0 native plugins for Editor in 0.00 ms.
Invoked RoslynAnalysisRunner static constructor.
RoslynAnalysisRunner will not be running.
RoslynAnalysisRunner has terminated.
Mono: successfully reloaded assembly
- Completed reload, in  4.256 seconds
Platform modules already initialized, skipping
Refreshing native plugins compatible for Editor in 1.48 ms, found 1 plugins.
Preloading 0 native plugins for Editor in 0.00 ms.
Unloading 1787 Unused Serialized files (Serialized files now loaded: 0)
System memory in use before: 88.5 MB.
System memory in use after: 88.5 MB.

Unloading 12 unused Assets to reduce memory usage. Loaded Objects now: 2269.
Total: 8.272600 ms (FindLiveObjects: 0.867300 ms CreateObjectMapping: 0.232700 ms MarkObjects: 6.778100 ms  DeleteObjects: 0.389800 ms)

========================================================================
Received Import Request.
  Time since last request: 78.989789 seconds.
  path: Assets/Prefabs/Single.prefab
  artifactKey: Guid(0930525e34e7e2f40881af0c8c4abb35) Importer(815301076,1909f56bfc062723c751e8b465ee728b)
Start importing Assets/Prefabs/Single.prefab using Guid(0930525e34e7e2f40881af0c8c4abb35) Importer(815301076,1909f56bfc062723c751e8b465ee728b)  -> (artifact id: 'e91362d042e61b74f1c6c06a085da4d6') in 0.407358 seconds
  Import took 0.424925 seconds .

========================================================================
Received Import Request.
  Time since last request: 169.615981 seconds.
  path: Assets/Prefabs/Bottom.prefab
  artifactKey: Guid(df557ef520a283642ab71b415124aad6) Importer(815301076,1909f56bfc062723c751e8b465ee728b)
Start importing Assets/Prefabs/Bottom.prefab using Guid(df557ef520a283642ab71b415124aad6) Importer(815301076,1909f56bfc062723c751e8b465ee728b)  -> (artifact id: 'ed3d75bc7c42571bae6705a9c7401bd2') in 0.162823 seconds
  Import took 0.183419 seconds .

========================================================================
Received Import Request.
  Time since last request: 0.004222 seconds.
  path: Assets/Prefabs/Bottom.prefab
  artifactKey: Guid(df557ef520a283642ab71b415124aad6) Importer(815301076,1909f56bfc062723c751e8b465ee728b)
Start importing Assets/Prefabs/Bottom.prefab using Guid(df557ef520a283642ab71b415124aad6) Importer(815301076,1909f56bfc062723c751e8b465ee728b)  -> (artifact id: 'ed3d75bc7c42571bae6705a9c7401bd2') in 0.086229 seconds
  Import took 0.106284 seconds .

========================================================================
Received Import Request.
  Time since last request: 1.923075 seconds.
  path: Assets/Prefabs/Top.prefab
  artifactKey: Guid(728d6f502079bf247b643a631c548e26) Importer(815301076,1909f56bfc062723c751e8b465ee728b)
Start importing Assets/Prefabs/Top.prefab using Guid(728d6f502079bf247b643a631c548e26) Importer(815301076,1909f56bfc062723c751e8b465ee728b)  -> (artifact id: '1c25e2001d128fc64d2b0136a370ae2d') in 0.194985 seconds
  Import took 0.215854 seconds .

========================================================================
Received Import Request.
  Time since last request: 42.220252 seconds.
  path: Assets/Middle.prefab
  artifactKey: Guid(cb613c74670e60942b632a6c4d733888) Importer(815301076,1909f56bfc062723c751e8b465ee728b)
Start importing Assets/Middle.prefab using Guid(cb613c74670e60942b632a6c4d733888) Importer(815301076,1909f56bfc062723c751e8b465ee728b)  -> (artifact id: '36ce797135706caeaedb578cd96bdb79') in 0.137831 seconds
  Import took 0.161451 seconds .

========================================================================
Received Import Request.
  Time since last request: 0.008932 seconds.
  path: Assets/Middle.prefab
  artifactKey: Guid(cb613c74670e60942b632a6c4d733888) Importer(815301076,1909f56bfc062723c751e8b465ee728b)
Start importing Assets/Middle.prefab using Guid(cb613c74670e60942b632a6c4d733888) Importer(815301076,1909f56bfc062723c751e8b465ee728b)  -> (artifact id: '36ce797135706caeaedb578cd96bdb79') in 0.094359 seconds
  Import took 0.108203 seconds .

========================================================================
Received Import Request.
  Time since last request: 28.023214 seconds.
  path: Assets/Prefabs/Middle.prefab
  artifactKey: Guid(cb613c74670e60942b632a6c4d733888) Importer(815301076,1909f56bfc062723c751e8b465ee728b)
Start importing Assets/Prefabs/Middle.prefab using Guid(cb613c74670e60942b632a6c4d733888) Importer(815301076,1909f56bfc062723c751e8b465ee728b)  -> (artifact id: 'f41034ffc6efb0fd332bde7f8c0c1a0b') in 0.109565 seconds
  Import took 0.127499 seconds .

========================================================================
Received Import Request.
  Time since last request: 14.624307 seconds.
  path: Assets/Prefabs/Middle Right.prefab
  artifactKey: Guid(2a142a514d9be4245863f4aff18a5f61) Importer(815301076,1909f56bfc062723c751e8b465ee728b)
Start importing Assets/Prefabs/Middle Right.prefab using Guid(2a142a514d9be4245863f4aff18a5f61) Importer(815301076,1909f56bfc062723c751e8b465ee728b)  -> (artifact id: '806aba29eb6c0cdfa886be1ee2c0ba68') in 0.186086 seconds
  Import took 0.203023 seconds .

========================================================================
Received Import Request.
  Time since last request: 10.317255 seconds.
  path: Assets/Prefabs/Bottom.prefab
  artifactKey: Guid(df557ef520a283642ab71b415124aad6) Importer(815301076,1909f56bfc062723c751e8b465ee728b)
Start importing Assets/Prefabs/Bottom.prefab using Guid(df557ef520a283642ab71b415124aad6) Importer(815301076,1909f56bfc062723c751e8b465ee728b)  -> (artifact id: 'fbda5e5706a6a0256ee9fba53250156a') in 0.166036 seconds
  Import took 0.180124 seconds .

========================================================================
Received Import Request.
  Time since last request: 0.002281 seconds.
  path: Assets/Prefabs/Bottom.prefab
  artifactKey: Guid(df557ef520a283642ab71b415124aad6) Importer(815301076,1909f56bfc062723c751e8b465ee728b)
Start importing Assets/Prefabs/Bottom.prefab using Guid(df557ef520a283642ab71b415124aad6) Importer(815301076,1909f56bfc062723c751e8b465ee728b)  -> (artifact id: 'fbda5e5706a6a0256ee9fba53250156a') in 0.079779 seconds
  Import took 0.094676 seconds .

========================================================================
Received Import Request.
  Time since last request: 8.496440 seconds.
  path: Assets/Prefabs/Middle Left.prefab
  artifactKey: Guid(a7c312b2d592b2e42b105153653981f3) Importer(815301076,1909f56bfc062723c751e8b465ee728b)
Start importing Assets/Prefabs/Middle Left.prefab using Guid(a7c312b2d592b2e42b105153653981f3) Importer(815301076,1909f56bfc062723c751e8b465ee728b)  -> (artifact id: 'aa434c9acb097c67f905262f4a49b95c') in 0.100121 seconds
  Import took 0.113371 seconds .

========================================================================
Received Import Request.
  Time since last request: 8.969134 seconds.
  path: Assets/Prefabs/Single.prefab
  artifactKey: Guid(0930525e34e7e2f40881af0c8c4abb35) Importer(815301076,1909f56bfc062723c751e8b465ee728b)
Start importing Assets/Prefabs/Single.prefab using Guid(0930525e34e7e2f40881af0c8c4abb35) Importer(815301076,1909f56bfc062723c751e8b465ee728b)  -> (artifact id: 'f14c9d8463aa6ab6dfd2f3d63c6dd007') in 0.079188 seconds
  Import took 0.098833 seconds .

========================================================================
Received Import Request.
  Time since last request: 7.304757 seconds.
  path: Assets/Prefabs/Top.prefab
  artifactKey: Guid(728d6f502079bf247b643a631c548e26) Importer(815301076,1909f56bfc062723c751e8b465ee728b)
Start importing Assets/Prefabs/Top.prefab using Guid(728d6f502079bf247b643a631c548e26) Importer(815301076,1909f56bfc062723c751e8b465ee728b)  -> (artifact id: 'f9b351e25bfe5e900dc10bedfc61fb15') in 0.126185 seconds
  Import took 0.146694 seconds .

========================================================================
Received Import Request.
  Time since last request: 156.150553 seconds.
  path: Assets/Prefabs/Middle Right.prefab
  artifactKey: Guid(2a142a514d9be4245863f4aff18a5f61) Importer(815301076,1909f56bfc062723c751e8b465ee728b)
Start importing Assets/Prefabs/Middle Right.prefab using Guid(2a142a514d9be4245863f4aff18a5f61) Importer(815301076,1909f56bfc062723c751e8b465ee728b)  -> (artifact id: 'd88b5cf031ea1d9a6615bc7682aea184') in 0.099043 seconds
  Import took 0.112633 seconds .

========================================================================
Received Import Request.
  Time since last request: 5.187019 seconds.
  path: Assets/Prefabs/Middle Right.prefab
  artifactKey: Guid(2a142a514d9be4245863f4aff18a5f61) Importer(815301076,1909f56bfc062723c751e8b465ee728b)
Start importing Assets/Prefabs/Middle Right.prefab using Guid(2a142a514d9be4245863f4aff18a5f61) Importer(815301076,1909f56bfc062723c751e8b465ee728b)  -> (artifact id: '2dc257f4d82a79115d9785e2b18279a7') in 0.103556 seconds
  Import took 0.115246 seconds .

========================================================================
Received Import Request.
  Time since last request: 6.939744 seconds.
  path: Assets/Prefabs/Middle.prefab
  artifactKey: Guid(cb613c74670e60942b632a6c4d733888) Importer(815301076,1909f56bfc062723c751e8b465ee728b)
Start importing Assets/Prefabs/Middle.prefab using Guid(cb613c74670e60942b632a6c4d733888) Importer(815301076,1909f56bfc062723c751e8b465ee728b)  -> (artifact id: '9620cd42804b765c0b5a510604c536b0') in 0.149302 seconds
  Import took 0.173731 seconds .

========================================================================
Received Import Request.
  Time since last request: 5.706183 seconds.
  path: Assets/Prefabs/Middle.prefab
  artifactKey: Guid(cb613c74670e60942b632a6c4d733888) Importer(815301076,1909f56bfc062723c751e8b465ee728b)
Start importing Assets/Prefabs/Middle.prefab using Guid(cb613c74670e60942b632a6c4d733888) Importer(815301076,1909f56bfc062723c751e8b465ee728b)  -> (artifact id: 'a3e02640c600cc6617042a11fe42aaaa') in 0.069802 seconds
  Import took 0.081703 seconds .

========================================================================
Received Import Request.
  Time since last request: 76.682098 seconds.
  path: Assets/Prefabs/Top.prefab
  artifactKey: Guid(728d6f502079bf247b643a631c548e26) Importer(815301076,1909f56bfc062723c751e8b465ee728b)
Start importing Assets/Prefabs/Top.prefab using Guid(728d6f502079bf247b643a631c548e26) Importer(815301076,1909f56bfc062723c751e8b465ee728b)  -> (artifact id: '13bc596875930917a214efd2f3a7b2b5') in 0.230531 seconds
  Import took 0.250320 seconds .

========================================================================
Received Import Request.
  Time since last request: 2.002234 seconds.
  path: Assets/Prefabs/Top.prefab
  artifactKey: Guid(728d6f502079bf247b643a631c548e26) Importer(815301076,1909f56bfc062723c751e8b465ee728b)
Start importing Assets/Prefabs/Top.prefab using Guid(728d6f502079bf247b643a631c548e26) Importer(815301076,1909f56bfc062723c751e8b465ee728b)  -> (artifact id: 'cb04a3093399552c302e15efc8f352ef') in 0.146411 seconds
  Import took 0.169221 seconds .

========================================================================
Received Prepare
Registering precompiled user dll's ...
Registered in 0.004583 seconds.
Begin MonoManager ReloadAssembly
Native extension for WindowsStandalone target not found
Refreshing native plugins compatible for Editor in 1.72 ms, found 1 plugins.
Preloading 0 native plugins for Editor in 0.00 ms.
Invoked RoslynAnalysisRunner static constructor.
RoslynAnalysisRunner will not be running.
RoslynAnalysisRunner has terminated.
Mono: successfully reloaded assembly
- Completed reload, in  5.441 seconds
Platform modules already initialized, skipping
Refreshing native plugins compatible for Editor in 1.62 ms, found 1 plugins.
Preloading 0 native plugins for Editor in 0.00 ms.
Unloading 1787 Unused Serialized files (Serialized files now loaded: 0)
System memory in use before: 88.7 MB.
System memory in use after: 88.7 MB.

Unloading 12 unused Assets to reduce memory usage. Loaded Objects now: 2273.
Total: 9.090800 ms (FindLiveObjects: 0.901300 ms CreateObjectMapping: 0.251500 ms MarkObjects: 7.571600 ms  DeleteObjects: 0.359500 ms)

========================================================================
Received Import Request.
  Time since last request: 257.246292 seconds.
  path: Assets/Prefabs/Slope Right.prefab
  artifactKey: Guid(65215410fe21ec24bac775023a1a9ff8) Importer(815301076,1909f56bfc062723c751e8b465ee728b)
Start importing Assets/Prefabs/Slope Right.prefab using Guid(65215410fe21ec24bac775023a1a9ff8) Importer(815301076,1909f56bfc062723c751e8b465ee728b)  -> (artifact id: '6a42f7a52fa535577b70d287a1bdc594') in 0.379197 seconds
  Import took 0.390457 seconds .

========================================================================
Received Import Request.
  Time since last request: 14.836570 seconds.
  path: Assets/Prefabs/Slope Right.prefab
  artifactKey: Guid(65215410fe21ec24bac775023a1a9ff8) Importer(815301076,1909f56bfc062723c751e8b465ee728b)
Start importing Assets/Prefabs/Slope Right.prefab using Guid(65215410fe21ec24bac775023a1a9ff8) Importer(815301076,1909f56bfc062723c751e8b465ee728b)  -> (artifact id: '0acdf73fbfea719657f2d54bc99428ff') in 0.191559 seconds
  Import took 0.210438 seconds .

========================================================================
Received Import Request.
  Time since last request: 13.503873 seconds.
  path: Assets/Prefabs/Slope Right.prefab
  artifactKey: Guid(65215410fe21ec24bac775023a1a9ff8) Importer(815301076,1909f56bfc062723c751e8b465ee728b)
Start importing Assets/Prefabs/Slope Right.prefab using Guid(65215410fe21ec24bac775023a1a9ff8) Importer(815301076,1909f56bfc062723c751e8b465ee728b)  -> (artifact id: '2bf3794d9dc952c0006f8a2994f819b6') in 0.058488 seconds
  Import took 0.072974 seconds .

========================================================================
Received Import Request.
  Time since last request: 7.391113 seconds.
  path: Assets/Prefabs/Slope Right.prefab
  artifactKey: Guid(65215410fe21ec24bac775023a1a9ff8) Importer(815301076,1909f56bfc062723c751e8b465ee728b)
Start importing Assets/Prefabs/Slope Right.prefab using Guid(65215410fe21ec24bac775023a1a9ff8) Importer(815301076,1909f56bfc062723c751e8b465ee728b)  -> (artifact id: '612976dce372ed0b4baf3ffccfe307c0') in 0.142335 seconds
  Import took 0.173626 seconds .

========================================================================
Received Import Request.
  Time since last request: 6.700014 seconds.
  path: Assets/Prefabs/Slope Right.prefab
  artifactKey: Guid(65215410fe21ec24bac775023a1a9ff8) Importer(815301076,1909f56bfc062723c751e8b465ee728b)
Start importing Assets/Prefabs/Slope Right.prefab using Guid(65215410fe21ec24bac775023a1a9ff8) Importer(815301076,1909f56bfc062723c751e8b465ee728b)  -> (artifact id: 'c11b1f3a9d4b173eec2eaa0c2089b63e') in 0.106574 seconds
  Import took 0.129166 seconds .

========================================================================
Received Prepare
Registering precompiled user dll's ...
Registered in 0.004655 seconds.
Begin MonoManager ReloadAssembly
Native extension for WindowsStandalone target not found
Refreshing native plugins compatible for Editor in 1.47 ms, found 1 plugins.
Preloading 0 native plugins for Editor in 0.00 ms.
Invoked RoslynAnalysisRunner static constructor.
RoslynAnalysisRunner will not be running.
RoslynAnalysisRunner has terminated.
Mono: successfully reloaded assembly
- Completed reload, in  5.474 seconds
Platform modules already initialized, skipping
Refreshing native plugins compatible for Editor in 1.47 ms, found 1 plugins.
Preloading 0 native plugins for Editor in 0.00 ms.
Unloading 1787 Unused Serialized files (Serialized files now loaded: 0)
System memory in use before: 88.8 MB.
System memory in use after: 88.8 MB.

Unloading 12 unused Assets to reduce memory usage. Loaded Objects now: 2277.
Total: 8.731900 ms (FindLiveObjects: 1.035800 ms CreateObjectMapping: 0.317700 ms MarkObjects: 6.961700 ms  DeleteObjects: 0.400600 ms)

========================================================================
Received Import Request.
  Time since last request: 109.998144 seconds.
  path: Assets/Prefabs/Player.prefab
  artifactKey: Guid(7b8fbe2e131f04a4893a5c20ac033360) Importer(815301076,1909f56bfc062723c751e8b465ee728b)
Start importing Assets/Prefabs/Player.prefab using Guid(7b8fbe2e131f04a4893a5c20ac033360) Importer(815301076,1909f56bfc062723c751e8b465ee728b)  -> (artifact id: 'fd6f1ffad5580258ddcc305bbf963077') in 0.341619 seconds
  Import took 0.354001 seconds .

========================================================================
Received Import Request.
  Time since last request: 22.587912 seconds.
  path: Assets/Prefabs/Player.prefab
  artifactKey: Guid(7b8fbe2e131f04a4893a5c20ac033360) Importer(815301076,1909f56bfc062723c751e8b465ee728b)
Start importing Assets/Prefabs/Player.prefab using Guid(7b8fbe2e131f04a4893a5c20ac033360) Importer(815301076,1909f56bfc062723c751e8b465ee728b)  -> (artifact id: 'b5705e7c11ea0cfec2ebb4b900fdfb27') in 0.095942 seconds
  Import took 0.123859 seconds .

========================================================================
Received Import Request.
  Time since last request: 2.124845 seconds.
  path: Assets/Prefabs/Player.prefab
  artifactKey: Guid(7b8fbe2e131f04a4893a5c20ac033360) Importer(815301076,1909f56bfc062723c751e8b465ee728b)
Start importing Assets/Prefabs/Player.prefab using Guid(7b8fbe2e131f04a4893a5c20ac033360) Importer(815301076,1909f56bfc062723c751e8b465ee728b)  -> (artifact id: '2ce9ce8c6430f59463e6118eb38fa277') in 0.105873 seconds
  Import took 0.127649 seconds .

========================================================================
Received Prepare
Registering precompiled user dll's ...
Registered in 0.004629 seconds.
Begin MonoManager ReloadAssembly
Native extension for WindowsStandalone target not found
Refreshing native plugins compatible for Editor in 1.57 ms, found 1 plugins.
Preloading 0 native plugins for Editor in 0.00 ms.
Invoked RoslynAnalysisRunner static constructor.
RoslynAnalysisRunner will not be running.
RoslynAnalysisRunner has terminated.
Mono: successfully reloaded assembly
- Completed reload, in  4.473 seconds
Platform modules already initialized, skipping
Refreshing native plugins compatible for Editor in 1.72 ms, found 1 plugins.
Preloading 0 native plugins for Editor in 0.00 ms.
Unloading 1787 Unused Serialized files (Serialized files now loaded: 0)
System memory in use before: 89.0 MB.
System memory in use after: 89.0 MB.

Unloading 12 unused Assets to reduce memory usage. Loaded Objects now: 2281.
Total: 10.619900 ms (FindLiveObjects: 1.347800 ms CreateObjectMapping: 0.537400 ms MarkObjects: 8.332100 ms  DeleteObjects: 0.395600 ms)

========================================================================
Received Prepare
Registering precompiled user dll's ...
Registered in 0.004833 seconds.
Begin MonoManager ReloadAssembly
Native extension for WindowsStandalone target not found
Refreshing native plugins compatible for Editor in 1.42 ms, found 1 plugins.
Preloading 0 native plugins for Editor in 0.00 ms.
Invoked RoslynAnalysisRunner static constructor.
RoslynAnalysisRunner will not be running.
RoslynAnalysisRunner has terminated.
Mono: successfully reloaded assembly
- Completed reload, in  4.531 seconds
Platform modules already initialized, skipping
Refreshing native plugins compatible for Editor in 1.91 ms, found 1 plugins.
Preloading 0 native plugins for Editor in 0.00 ms.
Unloading 1787 Unused Serialized files (Serialized files now loaded: 0)
System memory in use before: 89.1 MB.
System memory in use after: 89.1 MB.

Unloading 12 unused Assets to reduce memory usage. Loaded Objects now: 2284.
Total: 8.192100 ms (FindLiveObjects: 0.874900 ms CreateObjectMapping: 0.230800 ms MarkObjects: 6.701900 ms  DeleteObjects: 0.380300 ms)

========================================================================
Received Import Request.
  Time since last request: 205.283528 seconds.
  path: Assets/Prefabs/Slope Left.prefab
  artifactKey: Guid(183a2924e2cbf6b469f5547682ff6195) Importer(815301076,1909f56bfc062723c751e8b465ee728b)
Start importing Assets/Prefabs/Slope Left.prefab using Guid(183a2924e2cbf6b469f5547682ff6195) Importer(815301076,1909f56bfc062723c751e8b465ee728b)  -> (artifact id: '77bcf25feff34343637d453d9629c07c') in 0.319555 seconds
  Import took 0.330129 seconds .

========================================================================
Received Import Request.
  Time since last request: 2.069860 seconds.
  path: Assets/Prefabs/Slope Left.prefab
  artifactKey: Guid(183a2924e2cbf6b469f5547682ff6195) Importer(815301076,1909f56bfc062723c751e8b465ee728b)
Start importing Assets/Prefabs/Slope Left.prefab using Guid(183a2924e2cbf6b469f5547682ff6195) Importer(815301076,1909f56bfc062723c751e8b465ee728b)  -> (artifact id: '5c9203ab51d5b12e36d45f409fee1867') in 0.130994 seconds
  Import took 0.142398 seconds .

========================================================================
Received Import Request.
  Time since last request: 5.707227 seconds.
  path: Assets/Prefabs/Slope Left.prefab
  artifactKey: Guid(183a2924e2cbf6b469f5547682ff6195) Importer(815301076,1909f56bfc062723c751e8b465ee728b)
Start importing Assets/Prefabs/Slope Left.prefab using Guid(183a2924e2cbf6b469f5547682ff6195) Importer(815301076,1909f56bfc062723c751e8b465ee728b)  -> (artifact id: '20c879fac7589b619a478edfa855f708') in 0.141926 seconds
  Import took 0.160384 seconds .

========================================================================
Received Import Request.
  Time since last request: 95.819252 seconds.
  path: Assets/Platforms.png
  artifactKey: Guid(e85c6e02fda4a004b84664f435ad4d73) Importer(815301076,1909f56bfc062723c751e8b465ee728b)
Start importing Assets/Platforms.png using Guid(e85c6e02fda4a004b84664f435ad4d73) Importer(815301076,1909f56bfc062723c751e8b465ee728b)  -> (artifact id: '35430ab0cdbdcde84131f30b713c3fa6') in 0.474037 seconds
  Import took 0.487421 seconds .

========================================================================
Received Import Request.
  Time since last request: 127.407442 seconds.
  path: Assets/Prefabs/Slope Under Right.prefab
  artifactKey: Guid(ede5bb087375f4543b9a4dc2ff164f33) Importer(815301076,1909f56bfc062723c751e8b465ee728b)
Start importing Assets/Prefabs/Slope Under Right.prefab using Guid(ede5bb087375f4543b9a4dc2ff164f33) Importer(815301076,1909f56bfc062723c751e8b465ee728b)  -> (artifact id: '8c94c88c1ee4d74ce6f2823464f08a17') in 0.159253 seconds
  Import took 0.181987 seconds .

========================================================================
Received Import Request.
  Time since last request: 0.020563 seconds.
  path: Assets/Prefabs/Slope Under Right.prefab
  artifactKey: Guid(ede5bb087375f4543b9a4dc2ff164f33) Importer(815301076,1909f56bfc062723c751e8b465ee728b)
Start importing Assets/Prefabs/Slope Under Right.prefab using Guid(ede5bb087375f4543b9a4dc2ff164f33) Importer(815301076,1909f56bfc062723c751e8b465ee728b)  -> (artifact id: '8c94c88c1ee4d74ce6f2823464f08a17') in 0.096150 seconds
  Import took 0.111448 seconds .

========================================================================
Received Import Request.
  Time since last request: 27.453956 seconds.
  path: Assets/Prefabs/Slope Under Left.prefab
  artifactKey: Guid(8d58de0749b571348b65d3118f2ff355) Importer(815301076,1909f56bfc062723c751e8b465ee728b)
Start importing Assets/Prefabs/Slope Under Left.prefab using Guid(8d58de0749b571348b65d3118f2ff355) Importer(815301076,1909f56bfc062723c751e8b465ee728b)  -> (artifact id: '8b050b0ddfdc5ce3fa15a8cb1f2e0774') in 0.136274 seconds
  Import took 0.159550 seconds .

========================================================================
Received Import Request.
  Time since last request: 5.378112 seconds.
  path: Assets/Prefabs/Slope Under Left.prefab
  artifactKey: Guid(8d58de0749b571348b65d3118f2ff355) Importer(815301076,1909f56bfc062723c751e8b465ee728b)
Start importing Assets/Prefabs/Slope Under Left.prefab using Guid(8d58de0749b571348b65d3118f2ff355) Importer(815301076,1909f56bfc062723c751e8b465ee728b)  -> (artifact id: 'e2f78d43866aab0a128cd1fbeacd5058') in 0.137751 seconds
  Import took 0.158615 seconds .

========================================================================
Received Import Request.
  Time since last request: 3.120950 seconds.
  path: Assets/Prefabs/Slope Under Left.prefab
  artifactKey: Guid(8d58de0749b571348b65d3118f2ff355) Importer(815301076,1909f56bfc062723c751e8b465ee728b)
Start importing Assets/Prefabs/Slope Under Left.prefab using Guid(8d58de0749b571348b65d3118f2ff355) Importer(815301076,1909f56bfc062723c751e8b465ee728b)  -> (artifact id: '725dfc9d80bbb6bd0cd23a76204fe4fa') in 0.137695 seconds
  Import took 0.163959 seconds .

========================================================================
Received Prepare
Registering precompiled user dll's ...
Registered in 0.006796 seconds.
Begin MonoManager ReloadAssembly
Native extension for WindowsStandalone target not found
Refreshing native plugins compatible for Editor in 1.40 ms, found 1 plugins.
Preloading 0 native plugins for Editor in 0.00 ms.
Invoked RoslynAnalysisRunner static constructor.
RoslynAnalysisRunner will not be running.
RoslynAnalysisRunner has terminated.
Mono: successfully reloaded assembly
- Completed reload, in 10.116 seconds
Platform modules already initialized, skipping
Refreshing native plugins compatible for Editor in 3.55 ms, found 1 plugins.
Preloading 0 native plugins for Editor in 0.00 ms.
Unloading 1788 Unused Serialized files (Serialized files now loaded: 0)
System memory in use before: 89.3 MB.
System memory in use after: 89.3 MB.

Unloading 12 unused Assets to reduce memory usage. Loaded Objects now: 2293.
Total: 13.575100 ms (FindLiveObjects: 3.853500 ms CreateObjectMapping: 0.655500 ms MarkObjects: 8.505000 ms  DeleteObjects: 0.533800 ms)

========================================================================
Received Prepare
Registering precompiled user dll's ...
Registered in 0.006353 seconds.
Begin MonoManager ReloadAssembly
Native extension for WindowsStandalone target not found
Refreshing native plugins compatible for Editor in 1.48 ms, found 1 plugins.
Preloading 0 native plugins for Editor in 0.00 ms.
Invoked RoslynAnalysisRunner static constructor.
RoslynAnalysisRunner will not be running.
RoslynAnalysisRunner has terminated.
Mono: successfully reloaded assembly
- Completed reload, in  7.551 seconds
Platform modules already initialized, skipping
Refreshing native plugins compatible for Editor in 1.66 ms, found 1 plugins.
Preloading 0 native plugins for Editor in 0.00 ms.
Unloading 1788 Unused Serialized files (Serialized files now loaded: 0)
System memory in use before: 89.4 MB.
System memory in use after: 89.4 MB.

Unloading 12 unused Assets to reduce memory usage. Loaded Objects now: 2296.
Total: 10.442200 ms (FindLiveObjects: 1.161900 ms CreateObjectMapping: 0.757400 ms MarkObjects: 8.110200 ms  DeleteObjects: 0.406900 ms)

========================================================================
Received Import Request.
  Time since last request: 226.150605 seconds.
  path: Assets/Scripts/CameraMovement.cs
  artifactKey: Guid(f0c3f36398e8e1f45a56884f4b1b3bb4) Importer(815301076,1909f56bfc062723c751e8b465ee728b)
Start importing Assets/Scripts/CameraMovement.cs using Guid(f0c3f36398e8e1f45a56884f4b1b3bb4) Importer(815301076,1909f56bfc062723c751e8b465ee728b)  -> (artifact id: 'db1773e85105714bd046719dae957b54') in 0.046442 seconds
  Import took 0.058053 seconds .

========================================================================
Received Prepare
Registering precompiled user dll's ...
Registered in 0.009642 seconds.
Begin MonoManager ReloadAssembly
Native extension for WindowsStandalone target not found
Refreshing native plugins compatible for Editor in 1.42 ms, found 1 plugins.
Preloading 0 native plugins for Editor in 0.00 ms.
Invoked RoslynAnalysisRunner static constructor.
RoslynAnalysisRunner will not be running.
RoslynAnalysisRunner has terminated.
Mono: successfully reloaded assembly
- Completed reload, in  5.246 seconds
Platform modules already initialized, skipping
Refreshing native plugins compatible for Editor in 1.54 ms, found 1 plugins.
Preloading 0 native plugins for Editor in 0.00 ms.
Unloading 1788 Unused Serialized files (Serialized files now loaded: 0)
System memory in use before: 89.5 MB.
System memory in use after: 89.5 MB.

Unloading 12 unused Assets to reduce memory usage. Loaded Objects now: 2299.
Total: 8.888500 ms (FindLiveObjects: 1.303400 ms CreateObjectMapping: 0.284300 ms MarkObjects: 6.916200 ms  DeleteObjects: 0.379400 ms)

========================================================================
Received Import Request.
  Time since last request: 150.563408 seconds.
  path: Assets/Scripts/CameraMovement.cs
  artifactKey: Guid(f0c3f36398e8e1f45a56884f4b1b3bb4) Importer(815301076,1909f56bfc062723c751e8b465ee728b)
Start importing Assets/Scripts/CameraMovement.cs using Guid(f0c3f36398e8e1f45a56884f4b1b3bb4) Importer(815301076,1909f56bfc062723c751e8b465ee728b)  -> (artifact id: '6e7737b63ecd0fc144841c8bedef9ad2') in 0.082394 seconds
  Import took 0.094413 seconds .

========================================================================
Received Prepare
Registering precompiled user dll's ...
Registered in 0.004450 seconds.
Begin MonoManager ReloadAssembly
Native extension for WindowsStandalone target not found
Refreshing native plugins compatible for Editor in 1.41 ms, found 1 plugins.
Preloading 0 native plugins for Editor in 0.00 ms.
Invoked RoslynAnalysisRunner static constructor.
RoslynAnalysisRunner will not be running.
RoslynAnalysisRunner has terminated.
Mono: successfully reloaded assembly
- Completed reload, in  5.115 seconds
Platform modules already initialized, skipping
Refreshing native plugins compatible for Editor in 1.40 ms, found 1 plugins.
Preloading 0 native plugins for Editor in 0.00 ms.
Unloading 1788 Unused Serialized files (Serialized files now loaded: 0)
System memory in use before: 89.6 MB.
System memory in use after: 89.6 MB.

Unloading 12 unused Assets to reduce memory usage. Loaded Objects now: 2302.
Total: 8.533800 ms (FindLiveObjects: 0.954600 ms CreateObjectMapping: 0.267000 ms MarkObjects: 6.931500 ms  DeleteObjects: 0.375500 ms)

========================================================================
Received Prepare
Registering precompiled user dll's ...
Registered in 0.005758 seconds.
Begin MonoManager ReloadAssembly
Native extension for WindowsStandalone target not found
Refreshing native plugins compatible for Editor in 1.41 ms, found 1 plugins.
Preloading 0 native plugins for Editor in 0.00 ms.
Invoked RoslynAnalysisRunner static constructor.
RoslynAnalysisRunner will not be running.
RoslynAnalysisRunner has terminated.
Mono: successfully reloaded assembly
- Completed reload, in  4.595 seconds
Platform modules already initialized, skipping
Refreshing native plugins compatible for Editor in 1.65 ms, found 1 plugins.
Preloading 0 native plugins for Editor in 0.00 ms.
Unloading 1788 Unused Serialized files (Serialized files now loaded: 0)
System memory in use before: 88.8 MB.
System memory in use after: 88.8 MB.

Unloading 12 unused Assets to reduce memory usage. Loaded Objects now: 2305.
Total: 8.714200 ms (FindLiveObjects: 1.037300 ms CreateObjectMapping: 0.272700 ms MarkObjects: 6.992800 ms  DeleteObjects: 0.406900 ms)

========================================================================
Received Prepare
Registering precompiled user dll's ...
Registered in 0.004504 seconds.
Begin MonoManager ReloadAssembly
Native extension for WindowsStandalone target not found
Refreshing native plugins compatible for Editor in 1.44 ms, found 1 plugins.
Preloading 0 native plugins for Editor in 0.00 ms.
Invoked RoslynAnalysisRunner static constructor.
RoslynAnalysisRunner will not be running.
RoslynAnalysisRunner has terminated.
Mono: successfully reloaded assembly
- Completed reload, in  3.990 seconds
Platform modules already initialized, skipping
Refreshing native plugins compatible for Editor in 1.48 ms, found 1 plugins.
Preloading 0 native plugins for Editor in 0.00 ms.
Unloading 1788 Unused Serialized files (Serialized files now loaded: 0)
System memory in use before: 88.9 MB.
System memory in use after: 88.9 MB.

Unloading 12 unused Assets to reduce memory usage. Loaded Objects now: 2308.
Total: 9.510000 ms (FindLiveObjects: 1.619600 ms CreateObjectMapping: 0.434000 ms MarkObjects: 7.072200 ms  DeleteObjects: 0.377700 ms)

========================================================================
Received Prepare
Registering precompiled user dll's ...
Registered in 0.004863 seconds.
Begin MonoManager ReloadAssembly
Native extension for WindowsStandalone target not found
Refreshing native plugins compatible for Editor in 1.72 ms, found 1 plugins.
Preloading 0 native plugins for Editor in 0.00 ms.
Invoked RoslynAnalysisRunner static constructor.
RoslynAnalysisRunner will not be running.
RoslynAnalysisRunner has terminated.
Mono: successfully reloaded assembly
- Completed reload, in  6.002 seconds
Platform modules already initialized, skipping
Refreshing native plugins compatible for Editor in 1.40 ms, found 1 plugins.
Preloading 0 native plugins for Editor in 0.00 ms.
Unloading 1788 Unused Serialized files (Serialized files now loaded: 0)
System memory in use before: 89.0 MB.
System memory in use after: 89.0 MB.

Unloading 12 unused Assets to reduce memory usage. Loaded Objects now: 2311.
Total: 9.192200 ms (FindLiveObjects: 1.284800 ms CreateObjectMapping: 0.379100 ms MarkObjects: 7.136000 ms  DeleteObjects: 0.385300 ms)

========================================================================
Received Prepare
Registering precompiled user dll's ...
Registered in 0.005068 seconds.
Begin MonoManager ReloadAssembly
Native extension for WindowsStandalone target not found
Refreshing native plugins compatible for Editor in 1.56 ms, found 1 plugins.
Preloading 0 native plugins for Editor in 0.00 ms.
Invoked RoslynAnalysisRunner static constructor.
RoslynAnalysisRunner will not be running.
RoslynAnalysisRunner has terminated.
Mono: successfully reloaded assembly
- Completed reload, in  5.468 seconds
Platform modules already initialized, skipping
Refreshing native plugins compatible for Editor in 3.07 ms, found 1 plugins.
Preloading 0 native plugins for Editor in 0.00 ms.
Unloading 1788 Unused Serialized files (Serialized files now loaded: 0)
System memory in use before: 89.1 MB.
System memory in use after: 89.1 MB.

Unloading 12 unused Assets to reduce memory usage. Loaded Objects now: 2314.
Total: 18.709400 ms (FindLiveObjects: 2.761500 ms CreateObjectMapping: 1.180200 ms MarkObjects: 14.348000 ms  DeleteObjects: 0.410100 ms)

========================================================================
Received Prepare
Registering precompiled user dll's ...
Registered in 0.004824 seconds.
Begin MonoManager ReloadAssembly
Native extension for WindowsStandalone target not found
Refreshing native plugins compatible for Editor in 1.47 ms, found 1 plugins.
Preloading 0 native plugins for Editor in 0.00 ms.
Invoked RoslynAnalysisRunner static constructor.
RoslynAnalysisRunner will not be running.
RoslynAnalysisRunner has terminated.
Mono: successfully reloaded assembly
- Completed reload, in  4.420 seconds
Platform modules already initialized, skipping
Refreshing native plugins compatible for Editor in 1.46 ms, found 1 plugins.
Preloading 0 native plugins for Editor in 0.00 ms.
Unloading 1788 Unused Serialized files (Serialized files now loaded: 0)
System memory in use before: 89.3 MB.
System memory in use after: 89.3 MB.

Unloading 12 unused Assets to reduce memory usage. Loaded Objects now: 2317.
Total: 8.813800 ms (FindLiveObjects: 1.060200 ms CreateObjectMapping: 0.351500 ms MarkObjects: 6.959500 ms  DeleteObjects: 0.438000 ms)

AssetImportWorkerClient::OnTransportError - code=2 error=End of file
